[22-12-2020 10:12:30][INFO][RENDER] El archivo con ext mp4 se admite para el renderizado input
[22-12-2020 10:12:30][INFO][RENDER] El archivo con ext mp3 se admite para el renderizado output
[22-12-2020 10:12:34][INFO][RENDER] Se ha convertido correctamente el archivo Saint Seiya Opening 02 - Español España (HD)-gh5q04R68sM.mp4 a mp3
[22-12-2020 10:12:34][INFO][RESPONSE] Se devuelve correctamente el video Saint Seiya Opening 02 - Español España (HD)-gh5q04R68sM.mp3
[22-12-2020 10:12:34][INFO][ANALYTICS] Se guardan en bd los datos del video con id 5fe1b88215ae7362c405b543
[22-12-2020 10:12:34][INFO][FILESYSTEM] Se ha elmininado el contenido del directorio ../public/renders
[22-12-2020 10:12:34][INFO][FILESYSTEM] Se ha elmininado el contenido del directorio ../public/files
[22-12-2020 10:15:17][INFO][RENDER] El archivo con ext mpeg se admite para el renderizado input
[22-12-2020 10:15:27][INFO][RENDER] Se ha convertido correctamente el archivo Saint Seiya Santia Sho _ The Beautiful Brave _ Opening (Cover Latino)-opnVSS0UYGA.mp3 a webm
[22-12-2020 10:15:27][INFO][ANALYTICS] Se guardan en bd los datos del audio Saint Seiya Santia Sho _ The Beautiful Brave _ Opening (Cover Latino)-opnVSS0UYGA.mp3
[22-12-2020 10:15:27][INFO][RESPONSE] Se devuelve correctamente el audio Saint Seiya Santia Sho _ The Beautiful Brave _ Opening (Cover Latino)-opnVSS0UYGA.webm
[22-12-2020 10:15:27][INFO][FILESYSTEM] Se ha elmininado el contenido del directorio ../public/renders
[22-12-2020 10:15:27][INFO][FILESYSTEM] Se ha elmininado el contenido del directorio ../public/files
[22-12-2020 10:48:14][INFO][RENDER] El archivo con ext mp4 se admite para el renderizado input
[22-12-2020 10:48:14][INFO][RENDER] El archivo con ext mp3 se admite para el renderizado output
[22-12-2020 10:48:16][INFO][RENDER] Se ha convertido correctamente el archivo Saint Seiya Opening 01 - Español España (HD)-LKdW6p2OPkY.mp4 a mp3
[22-12-2020 10:48:16][INFO][RESPONSE] Se devuelve correctamente el video Saint Seiya Opening 01 - Español España (HD)-LKdW6p2OPkY.mp3
[22-12-2020 10:48:16][INFO][ANALYTICS] Se guardan en bd los datos del video con id 5fe1c0e015ae7362c405b54c
[22-12-2020 10:48:16][INFO][FILESYSTEM] Se ha elmininado el contenido del directorio ../public/renders
[22-12-2020 10:48:16][INFO][FILESYSTEM] Se ha elmininado el contenido del directorio ../public/files
[22-12-2020 10:48:22][INFO][RENDER] El archivo con ext mp4 se admite para el renderizado input
[22-12-2020 10:48:22][INFO][RENDER] El archivo con ext mp3 se admite para el renderizado output
[22-12-2020 10:48:24][INFO][RENDER] Se ha convertido correctamente el archivo Saint Seiya Opening 01 - Español España (HD)-LKdW6p2OPkY.mp4 a mp3
[22-12-2020 10:48:24][INFO][RESPONSE] Se devuelve correctamente el video Saint Seiya Opening 01 - Español España (HD)-LKdW6p2OPkY.mp3
[22-12-2020 10:48:24][INFO][ANALYTICS] Se guardan en bd los datos del video con id 5fe1c0e815ae7362c405b54e
[22-12-2020 10:48:24][INFO][FILESYSTEM] Se ha elmininado el contenido del directorio ../public/renders
[22-12-2020 10:48:24][INFO][FILESYSTEM] Se ha elmininado el contenido del directorio ../public/files
[22-12-2020 11:55:36][INFO][RENDER] El archivo con ext mpeg se admite para el renderizado input
[22-12-2020 11:56:25][INFO][RENDER] Se ha convertido correctamente el archivo Sasel borrando comentarios e insultando a Michael Quesada -slobulus- saselandia directos - twitch-suY2crZppcY.mp3 a mp3
[22-12-2020 11:56:25][INFO][ANALYTICS] Se guardan en bd los datos del audio Sasel borrando comentarios e insultando a Michael Quesada -slobulus- saselandia directos - twitch-suY2crZppcY.mp3
[22-12-2020 11:56:25][INFO][RESPONSE] Se devuelve correctamente el audio Sasel borrando comentarios e insultando a Michael Quesada -slobulus- saselandia directos - twitch-suY2crZppcY.mp3
[22-12-2020 11:56:25][INFO][FILESYSTEM] Se ha elmininado el contenido del directorio ../public/files
[22-12-2020 11:56:25][INFO][FILESYSTEM] Se ha elmininado el contenido del directorio ../public/renders
[22-12-2020 11:56:58][INFO][RENDER] El archivo con ext mpeg se admite para el renderizado input
[22-12-2020 11:57:42][INFO][RENDER] Se ha convertido correctamente el archivo Sasel borrando comentarios e insultando a Michael Quesada -slobulus- saselandia directos - twitch-suY2crZppcY.mp3 a mp3
[22-12-2020 11:57:42][INFO][ANALYTICS] Se guardan en bd los datos del audio Sasel borrando comentarios e insultando a Michael Quesada -slobulus- saselandia directos - twitch-suY2crZppcY.mp3
[22-12-2020 11:57:42][INFO][RESPONSE] Se devuelve correctamente el audio Sasel borrando comentarios e insultando a Michael Quesada -slobulus- saselandia directos - twitch-suY2crZppcY.mp3
[22-12-2020 11:57:42][INFO][FILESYSTEM] Se ha elmininado el contenido del directorio ../public/files
[22-12-2020 11:57:42][INFO][FILESYSTEM] Se ha elmininado el contenido del directorio ../public/renders
