[16-12-2020 12:03:30][INFO][REQUEST] Un usuario pide descargar un video con id ofwE8oaS5QY
[16-12-2020 12:03:33][INFO][ANALYTICS] Se guardan en bd los datos del url -- 5fd9e9853776a47439951be5
[16-12-2020 12:11:08][INFO][REQUEST] Un usuario pide descargar un video con id sl6tRA41frA&t=1946s
[16-12-2020 12:11:10][INFO][ANALYTICS] Se guardan en bd los datos del url -- 5fd9eb4e3b5dad103cbb7976
[16-12-2020 12:11:16][INFO][REQUEST] Un usuario pide descargar un video con id 5YVKk1S885A
[16-12-2020 12:11:17][INFO][ANALYTICS] Se guardan en bd los datos del url -- 5fd9eb553b5dad103cbb7977
[16-12-2020 12:11:57][INFO][FILESYSTEM] se ha podido descargado correctamente el audio de yt con el id - 5YVKk1S885A
[16-12-2020 12:11:57][INFO][FILESYSTEM] Se ha elmininado el contenido del directorio ../public/files
[16-12-2020 12:12:56][INFO][REQUEST] Un usuario pide descargar un video con id 5YVKk1S885A
[16-12-2020 12:12:57][INFO][ANALYTICS] Se guardan en bd los datos del url -- 5fd9ebb93b5dad103cbb797a
[16-12-2020 12:13:04][INFO][REQUEST] Un usuario pide descargar un video con id wWEmaUjPzzs&t=2739s
[16-12-2020 12:13:06][INFO][ANALYTICS] Se guardan en bd los datos del url -- 5fd9ebc23b5dad103cbb797b
[16-12-2020 12:14:08][INFO][FILESYSTEM] se ha podido descargado correctamente el audio de yt con el id - wWEmaUjPzzs
[16-12-2020 12:14:08][INFO][FILESYSTEM] Se ha elmininado el contenido del directorio ../public/files
[16-12-2020 12:33:41][INFO][REQUEST] Un usuario pide descargar un video con id ofwE8oaS5QY
[16-12-2020 12:33:43][INFO][ANALYTICS] Se guardan en bd los datos del url -- 5fd9f0973b5dad103cbb797c
[16-12-2020 12:34:28][INFO][REQUEST] Un usuario pide descargar un video con id THH5wi8yvms&t=1s
[16-12-2020 12:34:30][INFO][ANALYTICS] Se guardan en bd los datos del url -- 5fd9f0c63b5dad103cbb797d
[16-12-2020 12:34:44][INFO][REQUEST] Un usuario pide descargar un video con id THH5wi8yvms&t=1s
[16-12-2020 12:34:46][INFO][ANALYTICS] Se guardan en bd los datos del url -- 5fd9f0d63b5dad103cbb797e
[16-12-2020 12:35:14][INFO][REQUEST] Un usuario pide descargar un video con id THH5wi8yvms&t=1s
[16-12-2020 12:35:17][INFO][ANALYTICS] Se guardan en bd los datos del url -- 5fd9f0f53b5dad103cbb797f
[16-12-2020 12:36:10][INFO][REQUEST] Un usuario pide descargar un video con id THH5wi8yvms&t=1s
[16-12-2020 12:36:12][INFO][ANALYTICS] Se guardan en bd los datos del url -- 5fd9f12c3b5dad103cbb7980
[16-12-2020 12:38:03][INFO][REQUEST] Un usuario pide descargar un video con id ofwE8oaS5QY
[16-12-2020 12:38:05][INFO][ANALYTICS] Se guardan en bd los datos del url -- 5fd9f19d3b5dad103cbb7983
[16-12-2020 12:38:10][INFO][REQUEST] Un usuario pide descargar un video con id ofwE8oaS5QY
[16-12-2020 12:38:12][INFO][ANALYTICS] Se guardan en bd los datos del url -- 5fd9f1a43b5dad103cbb7984
[16-12-2020 12:38:26][INFO][FILESYSTEM] se ha podido descargado correctamente el audio de yt con el id - ofwE8oaS5QY
[16-12-2020 12:38:26][INFO][FILESYSTEM] Se ha elmininado el contenido del directorio ../public/files
[16-12-2020 12:53:26][INFO][REQUEST] Un usuario pide descargar un video con id 5YVKk1S885A
[16-12-2020 12:53:27][INFO][ANALYTICS] Se guardan en bd los datos del url -- 5fd9f53702b80a2fd019f3a1
[16-12-2020 12:53:32][INFO][REQUEST] Un usuario pide descargar un video con id uQOvL1BHpPw
[16-12-2020 12:53:34][INFO][ANALYTICS] Se guardan en bd los datos del url -- 5fd9f53e02b80a2fd019f3a2
[16-12-2020 12:54:57][INFO][REQUEST] Un usuario pide descargar un video con id 5YVKk1S885A
[16-12-2020 12:54:58][INFO][ANALYTICS] Se guardan en bd los datos del url -- 5fd9f59202b80a2fd019f3a4
[16-12-2020 12:55:05][INFO][REQUEST] Un usuario pide descargar un video con id 5YVKk1S885A
[16-12-2020 12:55:06][INFO][ANALYTICS] Se guardan en bd los datos del url -- 5fd9f59a02b80a2fd019f3a5
[16-12-2020 14:21:02][INFO][REQUEST] Un usuario pide descargar un video con id ofwE8oaS5QY
[16-12-2020 14:21:05][INFO][ANALYTICS] Se guardan en bd los datos del url -- 5fda09c102b80a2fd019f3a7
[16-12-2020 14:21:40][INFO][REQUEST] Un usuario pide descargar un video con id 5YVKk1S885A
[16-12-2020 14:21:42][INFO][ANALYTICS] Se guardan en bd los datos del url -- 5fda09e602b80a2fd019f3a9
[16-12-2020 14:21:47][INFO][REQUEST] Un usuario pide descargar un video con id 5YVKk1S885A
[16-12-2020 14:21:49][INFO][ANALYTICS] Se guardan en bd los datos del url -- 5fda09ed02b80a2fd019f3aa
[16-12-2020 14:22:10][INFO][REQUEST] Un usuario pide descargar un video con id uQOvL1BHpPw
[16-12-2020 14:22:24][INFO][REQUEST] Un usuario pide descargar un video con id 5YVKk1S885A
[16-12-2020 14:22:27][INFO][ANALYTICS] Se guardan en bd los datos del url -- 5fda0a1302b80a2fd019f3ac
[16-12-2020 14:22:32][INFO][REQUEST] Un usuario pide descargar un video con id wWEmaUjPzzs&t=2739s
[16-12-2020 14:22:34][INFO][ANALYTICS] Se guardan en bd los datos del url -- 5fda0a1a02b80a2fd019f3ad
[16-12-2020 14:23:40][INFO][REQUEST] Un usuario pide descargar un video con id ofwE8oaS5QY
[16-12-2020 14:23:42][INFO][ANALYTICS] Se guardan en bd los datos del url -- 5fda0a5e02b80a2fd019f3af
[16-12-2020 14:23:57][INFO][REQUEST] Un usuario pide descargar un video con id 5YVKk1S885A
[16-12-2020 14:23:58][INFO][ANALYTICS] Se guardan en bd los datos del url -- 5fda0a6e02b80a2fd019f3b0
[16-12-2020 14:24:06][INFO][REQUEST] Un usuario pide descargar un video con id wc-PljQoF18
[16-12-2020 14:24:08][INFO][ANALYTICS] Se guardan en bd los datos del url -- 5fda0a7802b80a2fd019f3b1
[16-12-2020 14:38:17][INFO][REQUEST] Un usuario pide descargar un video con id ofwE8oaS5QY
[16-12-2020 14:38:19][INFO][ANALYTICS] Se guardan en bd los datos del url -- 5fda0dcb02b80a2fd019f3b7
[16-12-2020 14:40:21][INFO][REQUEST] Un usuario pide descargar un video con id ofwE8oaS5QY
[16-12-2020 14:40:24][INFO][ANALYTICS] Se guardan en bd los datos del url -- 5fda0e4802b80a2fd019f3c1
[16-12-2020 14:41:09][INFO][REQUEST] Un usuario pide descargar un video con id o6Ml4lyJZZg&t=2475s
[16-12-2020 14:41:12][INFO][ANALYTICS] Se guardan en bd los datos del url -- 5fda0e7802b80a2fd019f3c2
[16-12-2020 14:42:59][INFO][REQUEST] Un usuario pide descargar un video con id ofwE8oaS5QY
[16-12-2020 14:43:01][INFO][ANALYTICS] Se guardan en bd los datos del url -- 5fda0ee502b80a2fd019f3c3
[16-12-2020 14:43:05][INFO][REQUEST] Un usuario pide descargar un video con id o6Ml4lyJZZg&t=2475s
[16-12-2020 14:43:07][INFO][ANALYTICS] Se guardan en bd los datos del url -- 5fda0eeb02b80a2fd019f3c4
[16-12-2020 14:44:08][INFO][REQUEST] Un usuario pide descargar un video con id uQOvL1BHpPw
[16-12-2020 14:44:21][INFO][REQUEST] Un usuario pide descargar un video con id 5YVKk1S885A
[16-12-2020 14:44:23][INFO][ANALYTICS] Se guardan en bd los datos del url -- 5fda0f3702b80a2fd019f3c5
[16-12-2020 14:45:48][INFO][REQUEST] Un usuario pide descargar un video con id SkTA9wRldrk
[16-12-2020 14:45:50][INFO][ANALYTICS] Se guardan en bd los datos del url -- 5fda0f8e02b80a2fd019f3c6
[16-12-2020 14:46:09][INFO][REQUEST] Un usuario pide descargar un video con id SkTA9wRldrk
[16-12-2020 14:46:11][INFO][ANALYTICS] Se guardan en bd los datos del url -- 5fda0fa302b80a2fd019f3c7
[16-12-2020 14:47:30][INFO][FILESYSTEM] se ha podido descargado correctamente el audio de yt con el id - SkTA9wRldrk
[16-12-2020 14:47:30][INFO][FILESYSTEM] Se ha elmininado el contenido del directorio ../public/files
[16-12-2020 14:52:24][INFO][REQUEST] Un usuario pide descargar un video con id SkTA9wRldrk
[16-12-2020 14:52:26][INFO][ANALYTICS] Se guardan en bd los datos del url -- 5fda111a02b80a2fd019f3c8
[16-12-2020 14:54:21][INFO][REQUEST] Un usuario pide descargar un video con id ctUpco4f0NE
[16-12-2020 14:54:24][INFO][ANALYTICS] Se guardan en bd los datos del url -- 5fda119002b80a2fd019f3c9
[16-12-2020 14:54:29][INFO][REQUEST] Un usuario pide descargar un video con id ctUpco4f0NE
[16-12-2020 14:54:30][INFO][ANALYTICS] Se guardan en bd los datos del url -- 5fda119602b80a2fd019f3ca
[16-12-2020 14:54:40][INFO][REQUEST] Un usuario pide descargar un video con id 5YVKk1S885A
[16-12-2020 14:54:43][INFO][ANALYTICS] Se guardan en bd los datos del url -- 5fda11a302b80a2fd019f3cb
[16-12-2020 14:54:48][INFO][REQUEST] Un usuario pide descargar un video con id 5YVKk1S885A
[16-12-2020 14:54:56][INFO][ANALYTICS] Se guardan en bd los datos del url -- 5fda11b002b80a2fd019f3cc
[16-12-2020 14:55:08][INFO][FILESYSTEM] se ha podido descargado correctamente el audio de yt con el id - ctUpco4f0NE
[16-12-2020 14:55:08][INFO][FILESYSTEM] Se ha elmininado el contenido del directorio ../public/files
[16-12-2020 14:55:16][INFO][REQUEST] Un usuario pide descargar un video con id eD-zb5vBJ4I
[16-12-2020 14:55:18][INFO][ANALYTICS] Se guardan en bd los datos del url -- 5fda11c602b80a2fd019f3cd
[16-12-2020 14:56:43][INFO][FILESYSTEM] se ha podido descargado correctamente el audio de yt con el id - eD-zb5vBJ4I
[16-12-2020 14:56:43][INFO][FILESYSTEM] Se ha elmininado el contenido del directorio ../public/files
[16-12-2020 14:57:09][INFO][REQUEST] Un usuario pide descargar un video con id kPbEix9oc8k
[16-12-2020 14:57:11][INFO][ANALYTICS] Se guardan en bd los datos del url -- 5fda123702b80a2fd019f3ce
[16-12-2020 14:57:34][INFO][FILESYSTEM] se ha podido descargado correctamente el audio de yt con el id - kPbEix9oc8k
[16-12-2020 14:57:34][INFO][FILESYSTEM] Se ha elmininado el contenido del directorio ../public/files
