[07-12-2020 10:08:40][INFO][REQUEST] Un usuario pide descargar un video con id ofwE8oaS5QY
[07-12-2020 10:08:43][INFO][ANALYTICS] Se guardan en bd los datos del url -- 5fcdf11a967b5f40cdda6cc8
[07-12-2020 10:12:04][INFO][REQUEST] Un usuario pide descargar un video con id ofwE8oaS5QY
[07-12-2020 10:12:06][INFO][ANALYTICS] Se guardan en bd los datos del url -- 5fcdf1e6967b5f40cdda6cc9
[07-12-2020 10:14:16][INFO][REQUEST] Un usuario pide descargar un video con id ofwE8oaS5QY
[07-12-2020 10:14:19][INFO][ANALYTICS] Se guardan en bd los datos del url -- 5fcdf26b967b5f40cdda6cca
[07-12-2020 10:15:55][INFO][REQUEST] Un usuario pide descargar un video con id ofwE8oaS5QY
[07-12-2020 10:15:57][INFO][ANALYTICS] Se guardan en bd los datos del url -- 5fcdf2cd967b5f40cdda6ccb
[07-12-2020 10:16:33][INFO][REQUEST] Un usuario pide descargar un video con id ofwE8oaS5QY
[07-12-2020 10:16:36][INFO][ANALYTICS] Se guardan en bd los datos del url -- 5fcdf2f4967b5f40cdda6ccc
[07-12-2020 10:17:28][INFO][REQUEST] Un usuario pide descargar un video con id ofwE8oaS5QY
[07-12-2020 10:17:30][INFO][ANALYTICS] Se guardan en bd los datos del url -- 5fcdf32a967b5f40cdda6ccd
[07-12-2020 10:18:28][INFO][REQUEST] Un usuario pide descargar un video con id ofwE8oaS5QY
[07-12-2020 10:18:30][INFO][ANALYTICS] Se guardan en bd los datos del url -- 5fcdf366967b5f40cdda6cce
[07-12-2020 10:19:01][INFO][REQUEST] Un usuario pide descargar un video con id ofwE8oaS5QY
[07-12-2020 10:19:03][INFO][ANALYTICS] Se guardan en bd los datos del url -- 5fcdf387967b5f40cdda6ccf
[07-12-2020 10:19:56][INFO][REQUEST] Un usuario pide descargar un video con id ofwE8oaS5QY
[07-12-2020 10:19:58][INFO][ANALYTICS] Se guardan en bd los datos del url -- 5fcdf3be967b5f40cdda6cd0
[07-12-2020 10:20:54][INFO][REQUEST] Un usuario pide descargar un video con id ofwE8oaS5QY
[07-12-2020 10:20:57][INFO][ANALYTICS] Se guardan en bd los datos del url -- 5fcdf3f9967b5f40cdda6cd1
[07-12-2020 10:21:21][INFO][REQUEST] Un usuario pide descargar un video con id ofwE8oaS5QY
[07-12-2020 10:21:23][INFO][ANALYTICS] Se guardan en bd los datos del url -- 5fcdf413967b5f40cdda6cd2
[07-12-2020 10:21:50][INFO][REQUEST] Un usuario pide descargar un video con id ofwE8oaS5QY
[07-12-2020 10:21:52][INFO][ANALYTICS] Se guardan en bd los datos del url -- 5fcdf430967b5f40cdda6cd3
[07-12-2020 10:22:33][INFO][REQUEST] Un usuario pide descargar un video con id ofwE8oaS5QY
[07-12-2020 10:22:36][INFO][ANALYTICS] Se guardan en bd los datos del url -- 5fcdf45c967b5f40cdda6cd4
[07-12-2020 10:23:10][INFO][REQUEST] Un usuario pide descargar un video con id ofwE8oaS5QY
[07-12-2020 10:23:12][INFO][ANALYTICS] Se guardan en bd los datos del url -- 5fcdf480967b5f40cdda6cd5
[07-12-2020 10:24:06][INFO][REQUEST] Un usuario pide descargar un video con id ofwE8oaS5QY
[07-12-2020 10:24:08][INFO][ANALYTICS] Se guardan en bd los datos del url -- 5fcdf4b8967b5f40cdda6cd6
[07-12-2020 10:24:55][INFO][REQUEST] Un usuario pide descargar un video con id ofwE8oaS5QY
[07-12-2020 10:24:58][INFO][ANALYTICS] Se guardan en bd los datos del url -- 5fcdf4ea967b5f40cdda6cd7
[07-12-2020 10:25:50][INFO][REQUEST] Un usuario pide descargar un video con id ofwE8oaS5QY
[07-12-2020 10:25:52][INFO][ANALYTICS] Se guardan en bd los datos del url -- 5fcdf520967b5f40cdda6cd8
[07-12-2020 10:26:17][INFO][REQUEST] Un usuario pide descargar un video con id ofwE8oaS5QY
[07-12-2020 10:26:20][INFO][ANALYTICS] Se guardan en bd los datos del url -- 5fcdf53c967b5f40cdda6cd9
[07-12-2020 10:26:39][INFO][REQUEST] Un usuario pide descargar un video con id ofwE8oaS5QY
[07-12-2020 10:26:41][INFO][ANALYTICS] Se guardan en bd los datos del url -- 5fcdf551967b5f40cdda6cda
[07-12-2020 10:26:55][INFO][REQUEST] Un usuario pide descargar un video con id ofwE8oaS5QY
[07-12-2020 10:26:58][INFO][ANALYTICS] Se guardan en bd los datos del url -- 5fcdf562967b5f40cdda6cdb
[07-12-2020 10:27:27][INFO][REQUEST] Un usuario pide descargar un video con id ofwE8oaS5QY
[07-12-2020 10:27:29][INFO][ANALYTICS] Se guardan en bd los datos del url -- 5fcdf581967b5f40cdda6cdc
[07-12-2020 10:27:48][INFO][REQUEST] Un usuario pide descargar un video con id ofwE8oaS5QY
[07-12-2020 10:27:50][INFO][ANALYTICS] Se guardan en bd los datos del url -- 5fcdf596967b5f40cdda6cdd
[07-12-2020 10:28:11][INFO][REQUEST] Un usuario pide descargar un video con id ofwE8oaS5QY
[07-12-2020 10:28:13][INFO][ANALYTICS] Se guardan en bd los datos del url -- 5fcdf5ad967b5f40cdda6cde
[07-12-2020 10:29:05][INFO][REQUEST] Un usuario pide descargar un video con id ofwE8oaS5QY
[07-12-2020 10:29:07][INFO][ANALYTICS] Se guardan en bd los datos del url -- 5fcdf5e3967b5f40cdda6cdf
[07-12-2020 10:30:41][INFO][REQUEST] Un usuario pide descargar un video con id ofwE8oaS5QY
[07-12-2020 10:30:43][INFO][ANALYTICS] Se guardan en bd los datos del url -- 5fcdf643967b5f40cdda6ce0
[07-12-2020 10:30:52][INFO][REQUEST] Un usuario pide descargar un video con id ofwE8oaS5QY
[07-12-2020 10:30:54][INFO][ANALYTICS] Se guardan en bd los datos del url -- 5fcdf64e967b5f40cdda6ce1
[07-12-2020 10:33:19][INFO][REQUEST] Un usuario pide descargar un video con id ofwE8oaS5QY
[07-12-2020 10:33:21][INFO][ANALYTICS] Se guardan en bd los datos del url -- 5fcdf6e1967b5f40cdda6ce2
[07-12-2020 10:37:48][INFO][REQUEST] Un usuario pide descargar un video con id ofwE8oaS5QY
[07-12-2020 10:37:50][INFO][ANALYTICS] Se guardan en bd los datos del url -- 5fcdf7ee967b5f40cdda6ce3
[07-12-2020 10:38:14][INFO][REQUEST] Un usuario pide descargar un video con id ofwE8oaS5QY
[07-12-2020 10:38:17][INFO][ANALYTICS] Se guardan en bd los datos del url -- 5fcdf809967b5f40cdda6ce4
[07-12-2020 10:39:03][INFO][REQUEST] Un usuario pide descargar un video con id ofwE8oaS5QY
[07-12-2020 10:39:05][INFO][ANALYTICS] Se guardan en bd los datos del url -- 5fcdf839967b5f40cdda6ce5
[07-12-2020 10:40:09][INFO][REQUEST] Un usuario pide descargar un video con id ofwE8oaS5QY
[07-12-2020 10:40:11][INFO][ANALYTICS] Se guardan en bd los datos del url -- 5fcdf87b967b5f40cdda6ce6
[07-12-2020 10:43:12][INFO][REQUEST] Un usuario pide descargar un video con id ofwE8oaS5QY
[07-12-2020 10:43:15][INFO][ANALYTICS] Se guardan en bd los datos del url -- 5fcdf933967b5f40cdda6ce7
[07-12-2020 10:45:49][INFO][REQUEST] Un usuario pide descargar un video con id ofwE8oaS5QY
[07-12-2020 10:45:51][INFO][ANALYTICS] Se guardan en bd los datos del url -- 5fcdf9cf967b5f40cdda6ce8
[07-12-2020 10:46:39][INFO][REQUEST] Un usuario pide descargar un video con id ofwE8oaS5QY
[07-12-2020 10:46:41][INFO][ANALYTICS] Se guardan en bd los datos del url -- 5fcdfa01967b5f40cdda6ce9
[07-12-2020 10:47:19][INFO][REQUEST] Un usuario pide descargar un video con id ofwE8oaS5QY
[07-12-2020 10:47:21][INFO][ANALYTICS] Se guardan en bd los datos del url -- 5fcdfa29967b5f40cdda6cea
[07-12-2020 10:47:33][INFO][REQUEST] Un usuario pide descargar un video con id ofwE8oaS5QY
[07-12-2020 10:47:35][INFO][ANALYTICS] Se guardan en bd los datos del url -- 5fcdfa37967b5f40cdda6ceb
[07-12-2020 10:48:05][INFO][REQUEST] Un usuario pide descargar un video con id ofwE8oaS5QY
[07-12-2020 10:48:07][INFO][ANALYTICS] Se guardan en bd los datos del url -- 5fcdfa57967b5f40cdda6cec
[07-12-2020 10:48:44][INFO][REQUEST] Un usuario pide descargar un video con id ofwE8oaS5QY
[07-12-2020 10:48:47][INFO][ANALYTICS] Se guardan en bd los datos del url -- 5fcdfa7f967b5f40cdda6ced
[07-12-2020 10:49:00][INFO][REQUEST] Un usuario pide descargar un video con id ofwE8oaS5QY
[07-12-2020 10:49:02][INFO][ANALYTICS] Se guardan en bd los datos del url -- 5fcdfa8e967b5f40cdda6cee
[07-12-2020 10:49:48][INFO][REQUEST] Un usuario pide descargar un video con id ofwE8oaS5QY
[07-12-2020 10:49:50][INFO][ANALYTICS] Se guardan en bd los datos del url -- 5fcdfabe967b5f40cdda6cef
[07-12-2020 10:50:04][INFO][REQUEST] Un usuario pide descargar un video con id ofwE8oaS5QY
[07-12-2020 10:50:07][INFO][ANALYTICS] Se guardan en bd los datos del url -- 5fcdfacf967b5f40cdda6cf0
[07-12-2020 10:51:12][INFO][REQUEST] Un usuario pide descargar un video con id ofwE8oaS5QY
[07-12-2020 10:51:14][INFO][ANALYTICS] Se guardan en bd los datos del url -- 5fcdfb12967b5f40cdda6cf1
[07-12-2020 10:51:34][INFO][REQUEST] Un usuario pide descargar un video con id ofwE8oaS5QY
[07-12-2020 10:51:36][INFO][ANALYTICS] Se guardan en bd los datos del url -- 5fcdfb28967b5f40cdda6cf2
[07-12-2020 10:53:20][INFO][REQUEST] Un usuario pide descargar un video con id ofwE8oaS5QY
[07-12-2020 10:53:23][INFO][ANALYTICS] Se guardan en bd los datos del url -- 5fcdfb93967b5f40cdda6cf3
[07-12-2020 10:54:18][INFO][REQUEST] Un usuario pide descargar un video con id ofwE8oaS5QY
[07-12-2020 10:54:20][INFO][ANALYTICS] Se guardan en bd los datos del url -- 5fcdfbcc967b5f40cdda6cf4
[07-12-2020 10:54:38][INFO][REQUEST] Un usuario pide descargar un video con id ofwE8oaS5QY
[07-12-2020 10:54:40][INFO][ANALYTICS] Se guardan en bd los datos del url -- 5fcdfbe0967b5f40cdda6cf5
[07-12-2020 10:55:03][INFO][REQUEST] Un usuario pide descargar un video con id ofwE8oaS5QY
[07-12-2020 10:55:04][INFO][ANALYTICS] Se guardan en bd los datos del url -- 5fcdfbf8967b5f40cdda6cf6
[07-12-2020 10:56:27][INFO][REQUEST] Un usuario pide descargar un video con id ofwE8oaS5QY
[07-12-2020 10:56:29][INFO][ANALYTICS] Se guardan en bd los datos del url -- 5fcdfc4d967b5f40cdda6cf7
[07-12-2020 10:58:10][INFO][REQUEST] Un usuario pide descargar un video con id ofwE8oaS5QY
[07-12-2020 10:58:12][INFO][ANALYTICS] Se guardan en bd los datos del url -- 5fcdfcb4967b5f40cdda6cf8
[07-12-2020 10:58:42][INFO][REQUEST] Un usuario pide descargar un video con id ofwE8oaS5QY
[07-12-2020 10:58:43][INFO][ANALYTICS] Se guardan en bd los datos del url -- 5fcdfcd3967b5f40cdda6cf9
[07-12-2020 10:59:28][INFO][REQUEST] Un usuario pide descargar un video con id ofwE8oaS5QY
[07-12-2020 10:59:30][INFO][ANALYTICS] Se guardan en bd los datos del url -- 5fcdfd02967b5f40cdda6cfa
[07-12-2020 10:59:46][INFO][REQUEST] Un usuario pide descargar un video con id ofwE8oaS5QY
[07-12-2020 10:59:48][INFO][ANALYTICS] Se guardan en bd los datos del url -- 5fcdfd14967b5f40cdda6cfb
[07-12-2020 10:59:54][INFO][REQUEST] Un usuario pide descargar un video con id ofwE8oaS5QY
[07-12-2020 10:59:56][INFO][ANALYTICS] Se guardan en bd los datos del url -- 5fcdfd1c967b5f40cdda6cfc
[07-12-2020 11:01:19][INFO][REQUEST] Un usuario pide descargar un video con id ofwE8oaS5QY
[07-12-2020 11:01:21][INFO][ANALYTICS] Se guardan en bd los datos del url -- 5fcdfd71967b5f40cdda6cfd
[07-12-2020 11:03:43][INFO][REQUEST] Un usuario pide descargar un video con id ofwE8oaS5QY
[07-12-2020 11:03:44][INFO][ANALYTICS] Se guardan en bd los datos del url -- 5fcdfe00967b5f40cdda6cfe
[07-12-2020 11:03:56][INFO][REQUEST] Un usuario pide descargar un video con id ofwE8oaS5QY
[07-12-2020 11:03:58][INFO][ANALYTICS] Se guardan en bd los datos del url -- 5fcdfe0e967b5f40cdda6cff
[07-12-2020 11:04:03][INFO][REQUEST] Un usuario pide descargar un video con id ofwE8oaS5QY
[07-12-2020 11:04:05][INFO][ANALYTICS] Se guardan en bd los datos del url -- 5fcdfe15967b5f40cdda6d00
[07-12-2020 11:06:03][INFO][REQUEST] Un usuario pide descargar un video con id ofwE8oaS5QY
[07-12-2020 11:06:06][INFO][ANALYTICS] Se guardan en bd los datos del url -- 5fcdfe8e967b5f40cdda6d01
[07-12-2020 11:09:29][INFO][REQUEST] Un usuario pide descargar un video con id ofwE8oaS5QY
[07-12-2020 11:09:31][INFO][ANALYTICS] Se guardan en bd los datos del url -- 5fcdff5b967b5f40cdda6d02
[07-12-2020 11:09:38][INFO][REQUEST] Un usuario pide descargar un video con id ofwE8oaS5QY
[07-12-2020 11:09:40][INFO][ANALYTICS] Se guardan en bd los datos del url -- 5fcdff64967b5f40cdda6d03
[07-12-2020 11:09:44][INFO][REQUEST] Un usuario pide descargar un video con id ofwE8oaS5QY
[07-12-2020 11:09:47][INFO][ANALYTICS] Se guardan en bd los datos del url -- 5fcdff6b967b5f40cdda6d04
[07-12-2020 11:10:22][INFO][REQUEST] Un usuario pide descargar un video con id ofwE8oaS5QY
[07-12-2020 11:10:24][INFO][ANALYTICS] Se guardan en bd los datos del url -- 5fcdff90967b5f40cdda6d05
[07-12-2020 11:13:06][INFO][REQUEST] Un usuario pide descargar un video con id ofwE8oaS5QY
[07-12-2020 11:13:09][INFO][ANALYTICS] Se guardan en bd los datos del url -- 5fce0035967b5f40cdda6d06
[07-12-2020 11:13:52][INFO][REQUEST] Un usuario pide descargar un video con id ofwE8oaS5QY
[07-12-2020 11:13:55][INFO][ANALYTICS] Se guardan en bd los datos del url -- 5fce0063967b5f40cdda6d07
[07-12-2020 11:14:21][INFO][REQUEST] Un usuario pide descargar un video con id ofwE8oaS5QY
[07-12-2020 11:14:23][INFO][ANALYTICS] Se guardan en bd los datos del url -- 5fce007f967b5f40cdda6d08
[07-12-2020 11:14:55][INFO][REQUEST] Un usuario pide descargar un video con id ofwE8oaS5QY
[07-12-2020 11:14:56][INFO][ANALYTICS] Se guardan en bd los datos del url -- 5fce00a0967b5f40cdda6d09
[07-12-2020 11:15:08][INFO][FILESYSTEM] se ha podido descargado correctamente el audio de yt con el id - ofwE8oaS5QY
[07-12-2020 11:15:08][INFO][FILESYSTEM] Se ha elmininado el contenido del directorio ../public/files
[07-12-2020 11:15:57][INFO][REQUEST] Un usuario pide descargar un video con id ofwE8oaS5QY
[07-12-2020 11:15:59][INFO][ANALYTICS] Se guardan en bd los datos del url -- 5fce00df967b5f40cdda6d0a
[07-12-2020 11:16:17][INFO][REQUEST] Un usuario pide descargar un video con id ofwE8oaS5QY
[07-12-2020 11:16:18][INFO][ANALYTICS] Se guardan en bd los datos del url -- 5fce00f2967b5f40cdda6d0b
[07-12-2020 11:16:31][INFO][FILESYSTEM] se ha podido descargado correctamente el audio de yt con el id - ofwE8oaS5QY
[07-12-2020 11:16:31][INFO][FILESYSTEM] Se ha elmininado el contenido del directorio ../public/files
[07-12-2020 11:17:06][INFO][REQUEST] Un usuario pide descargar un video con id ofwE8oaS5QY
[07-12-2020 11:17:08][INFO][ANALYTICS] Se guardan en bd los datos del url -- 5fce0124967b5f40cdda6d0d
[07-12-2020 11:18:12][INFO][REQUEST] Un usuario pide descargar un video con id ofwE8oaS5QY
[07-12-2020 11:18:14][INFO][ANALYTICS] Se guardan en bd los datos del url -- 5fce0166967b5f40cdda6d11
[07-12-2020 11:18:37][INFO][REQUEST] Un usuario pide descargar un video con id E2FnBN9lFjs&t=5s
[07-12-2020 11:18:40][INFO][ANALYTICS] Se guardan en bd los datos del url -- 5fce0180967b5f40cdda6d12
[07-12-2020 11:18:56][INFO][REQUEST] Un usuario pide descargar un video con id sl6tRA41frA&t=1946s
[07-12-2020 11:18:59][INFO][ANALYTICS] Se guardan en bd los datos del url -- 5fce0193967b5f40cdda6d13
[07-12-2020 11:19:06][INFO][REQUEST] Un usuario pide descargar un video con id o6Ml4lyJZZg&t=2475s
[07-12-2020 11:19:09][INFO][ANALYTICS] Se guardan en bd los datos del url -- 5fce019d967b5f40cdda6d14
[07-12-2020 11:19:15][INFO][REQUEST] Un usuario pide descargar un video con id wWEmaUjPzzs&t=2739s
[07-12-2020 11:19:17][INFO][ANALYTICS] Se guardan en bd los datos del url -- 5fce01a5967b5f40cdda6d15
[07-12-2020 11:20:32][INFO][FILESYSTEM] se ha podido descargado correctamente el audio de yt con el id - wWEmaUjPzzs
[07-12-2020 11:20:32][INFO][FILESYSTEM] Se ha elmininado el contenido del directorio ../public/files
[07-12-2020 11:23:07][INFO][REQUEST] Un usuario pide descargar un video con id 39NABN77ELs
[07-12-2020 11:23:08][INFO][ANALYTICS] Se guardan en bd los datos del url -- 5fce028c967b5f40cdda6d16
[07-12-2020 11:23:45][INFO][REQUEST] Un usuario pide descargar un video con id E2FnBN9lFjs
[07-12-2020 11:23:47][INFO][ANALYTICS] Se guardan en bd los datos del url -- 5fce02b3967b5f40cdda6d17
[07-12-2020 11:24:28][INFO][REQUEST] Un usuario pide descargar un video con id E2FnBN9lFjs
[07-12-2020 11:24:31][INFO][ANALYTICS] Se guardan en bd los datos del url -- 5fce02df967b5f40cdda6d18
[07-12-2020 11:24:41][INFO][REQUEST] Un usuario pide descargar un video con id E2FnBN9lFjs
[07-12-2020 11:24:43][INFO][ANALYTICS] Se guardan en bd los datos del url -- 5fce02eb967b5f40cdda6d19
[07-12-2020 11:26:40][INFO][REQUEST] Un usuario pide descargar un video con id 5YVKk1S885A
[07-12-2020 11:26:42][INFO][ANALYTICS] Se guardan en bd los datos del url -- 5fce0362967b5f40cdda6d1a
[07-12-2020 11:32:01][INFO][REQUEST] Un usuario pide descargar un video con id ofwE8oaS5QY
[07-12-2020 11:32:03][INFO][ANALYTICS] Se guardan en bd los datos del url -- 5fce04a3967b5f40cdda6d1b
[07-12-2020 11:32:25][INFO][REQUEST] Un usuario pide descargar un video con id ofwE8oaS5QY
[07-12-2020 11:32:26][INFO][ANALYTICS] Se guardan en bd los datos del url -- 5fce04ba967b5f40cdda6d1c
[07-12-2020 11:32:48][INFO][REQUEST] Un usuario pide descargar un video con id ofwE8oaS5QY
[07-12-2020 11:32:50][INFO][ANALYTICS] Se guardan en bd los datos del url -- 5fce04d2967b5f40cdda6d1d
[07-12-2020 11:33:13][INFO][REQUEST] Un usuario pide descargar un video con id ofwE8oaS5QY
[07-12-2020 11:33:15][INFO][ANALYTICS] Se guardan en bd los datos del url -- 5fce04eb967b5f40cdda6d1e
[07-12-2020 11:34:04][INFO][REQUEST] Un usuario pide descargar un video con id uQOvL1BHpPw
[07-12-2020 11:34:06][INFO][ANALYTICS] Se guardan en bd los datos del url -- 5fce051e967b5f40cdda6d1f
[07-12-2020 11:37:03][INFO][REQUEST] Un usuario pide descargar un video con id ofwE8oaS5QY
[07-12-2020 11:37:05][INFO][ANALYTICS] Se guardan en bd los datos del url -- 5fce05d1967b5f40cdda6d20
[07-12-2020 11:38:24][INFO][REQUEST] Un usuario pide descargar un video con id ofwE8oaS5QY
[07-12-2020 11:38:26][INFO][ANALYTICS] Se guardan en bd los datos del url -- 5fce0622967b5f40cdda6d21
[07-12-2020 11:40:30][INFO][REQUEST] Un usuario pide descargar un video con id ofwE8oaS5QY
[07-12-2020 11:40:32][INFO][ANALYTICS] Se guardan en bd los datos del url -- 5fce06a0967b5f40cdda6d22
[07-12-2020 11:41:00][INFO][REQUEST] Un usuario pide descargar un video con id ofwE8oaS5QY
[07-12-2020 11:41:02][INFO][ANALYTICS] Se guardan en bd los datos del url -- 5fce06be967b5f40cdda6d23
[07-12-2020 11:42:33][INFO][REQUEST] Un usuario pide descargar un video con id ofwE8oaS5QY
[07-12-2020 11:42:35][INFO][ANALYTICS] Se guardan en bd los datos del url -- 5fce071b967b5f40cdda6d24
[07-12-2020 11:43:26][INFO][REQUEST] Un usuario pide descargar un video con id ofwE8oaS5QY
[07-12-2020 11:43:28][INFO][ANALYTICS] Se guardan en bd los datos del url -- 5fce0750967b5f40cdda6d25
[07-12-2020 11:44:36][INFO][REQUEST] Un usuario pide descargar un video con id uQOvL1BHpPw
[07-12-2020 11:44:38][INFO][ANALYTICS] Se guardan en bd los datos del url -- 5fce0796967b5f40cdda6d26
[07-12-2020 11:44:57][INFO][REQUEST] Un usuario pide descargar un video con id ofwE8oaS5QY
[07-12-2020 11:44:58][INFO][ANALYTICS] Se guardan en bd los datos del url -- 5fce07aa967b5f40cdda6d27
[07-12-2020 11:45:22][INFO][REQUEST] Un usuario pide descargar un video con id ofwE8oaS5QY
[07-12-2020 11:45:24][INFO][ANALYTICS] Se guardan en bd los datos del url -- 5fce07c4967b5f40cdda6d28
[07-12-2020 11:46:03][INFO][REQUEST] Un usuario pide descargar un video con id 5YVKk1S885A
[07-12-2020 11:46:05][INFO][ANALYTICS] Se guardan en bd los datos del url -- 5fce07ed967b5f40cdda6d29
[07-12-2020 11:46:17][INFO][REQUEST] Un usuario pide descargar un video con id o6Ml4lyJZZg&t=2475s
[07-12-2020 11:46:18][INFO][ANALYTICS] Se guardan en bd los datos del url -- 5fce07fa967b5f40cdda6d2a
[07-12-2020 12:02:05][INFO][REQUEST] Un usuario pide descargar un video con id ofwE8oaS5QY
[07-12-2020 12:02:07][INFO][ANALYTICS] Se guardan en bd los datos del url -- 5fce0baf1312d9907d2632c3
[07-12-2020 12:02:12][INFO][REQUEST] Un usuario pide descargar un video con id ofwE8oaS5QY
[07-12-2020 12:02:14][INFO][ANALYTICS] Se guardan en bd los datos del url -- 5fce0bb61312d9907d2632c4
[07-12-2020 12:09:42][INFO][REQUEST] Un usuario pide descargar un video con id ofwE8oaS5QY
[07-12-2020 12:09:45][INFO][ANALYTICS] Se guardan en bd los datos del url -- 5fce0d79e33a55930f56f7c8
[07-12-2020 12:16:13][INFO][REQUEST] Un usuario pide descargar un video con id sl6tRA41frA&t=1946s
[07-12-2020 12:16:14][INFO][ANALYTICS] Se guardan en bd los datos del url -- 5fce0efee33a55930f56f7d3
[07-12-2020 12:20:41][INFO][REQUEST] Un usuario pide descargar un video con id undefined
[07-12-2020 12:21:34][INFO][REQUEST] Un usuario pide descargar un video con id XOdIHYYRFDo
[07-12-2020 12:21:35][INFO][ANALYTICS] Se guardan en bd los datos del url -- 5fce103fe33a55930f56f7d8
[07-12-2020 12:21:57][INFO][REQUEST] Un usuario pide descargar un video con id XOdIHYYRFDo
[07-12-2020 12:22:06][INFO][REQUEST] Un usuario pide descargar un video con id XOdIHYYRFDo
[07-12-2020 12:22:08][INFO][ANALYTICS] Se guardan en bd los datos del url -- 5fce1060e33a55930f56f7d9
[07-12-2020 12:22:44][INFO] [ERROR] NO se ha podido descargar el audio de yt con el id - $ { videoId }
                                
