[15-12-2020 14:02:58][INFO][REQUEST] Un usuario pide descargar un video con id AP2d2UZwwUM
[15-12-2020 14:03:02][INFO][ANALYTICS] Se guardan en bd los datos del url -- 5fd8b406e9d3f7b349b98c11
[15-12-2020 14:04:27][INFO][REQUEST] Un usuario pide descargar un video con id ofwE8oaS5QY
[15-12-2020 14:04:30][INFO][ANALYTICS] Se guardan en bd los datos del url -- 5fd8b45ee9d3f7b349b98c12
[15-12-2020 14:04:45][INFO][REQUEST] Un usuario pide descargar un video con id ofwE8oaS5QY
[15-12-2020 14:04:48][INFO][ANALYTICS] Se guardan en bd los datos del url -- 5fd8b470e9d3f7b349b98c13
[15-12-2020 14:04:57][INFO][REQUEST] Un usuario pide descargar un video con id ofwE8oaS5QY
[15-12-2020 14:05:00][INFO][ANALYTICS] Se guardan en bd los datos del url -- 5fd8b47ce9d3f7b349b98c14
[15-12-2020 14:05:13][INFO][FILESYSTEM] se ha podido descargado correctamente el audio de yt con el id - ofwE8oaS5QY
[15-12-2020 14:05:13][INFO][FILESYSTEM] Se ha elmininado el contenido del directorio ../public/files
[15-12-2020 14:07:38][INFO][REQUEST] Un usuario pide descargar un video con id ofwE8oaS5QY
[15-12-2020 14:07:41][INFO][ANALYTICS] Se guardan en bd los datos del url -- 5fd8b51d60e7e3b71549dd77
[15-12-2020 14:07:46][INFO][REQUEST] Un usuario pide descargar un video con id ofwE8oaS5QY
[15-12-2020 14:07:48][INFO][ANALYTICS] Se guardan en bd los datos del url -- 5fd8b52460e7e3b71549dd78
[15-12-2020 14:14:08][INFO][REQUEST] Un usuario pide descargar un video con id ofwE8oaS5QY
[15-12-2020 14:14:10][INFO][ANALYTICS] Se guardan en bd los datos del url -- 5fd8b6a260e7e3b71549dd82
[15-12-2020 14:15:07][INFO][REQUEST] Un usuario pide descargar un video con id ofwE8oaS5QY
[15-12-2020 14:15:10][INFO][ANALYTICS] Se guardan en bd los datos del url -- 5fd8b6de60e7e3b71549dd85
[15-12-2020 14:15:54][INFO][REQUEST] Un usuario pide descargar un video con id ofwE8oaS5QY
[15-12-2020 14:15:56][INFO][ANALYTICS] Se guardan en bd los datos del url -- 5fd8b70c60e7e3b71549dd88
[15-12-2020 14:16:01][INFO][REQUEST] Un usuario pide descargar un video con id o6Ml4lyJZZg&t=2475s
[15-12-2020 14:16:03][INFO][ANALYTICS] Se guardan en bd los datos del url -- 5fd8b71360e7e3b71549dd89
[15-12-2020 14:16:50][INFO][REQUEST] Un usuario pide descargar un video con id ofwE8oaS5QY
[15-12-2020 14:16:53][INFO][ANALYTICS] Se guardan en bd los datos del url -- 5fd8b74560e7e3b71549dd8b
[15-12-2020 14:21:47][INFO][REQUEST] Un usuario pide descargar un video con id ofwE8oaS5QY
[15-12-2020 14:21:50][INFO][ANALYTICS] Se guardan en bd los datos del url -- 5fd8b86e60e7e3b71549dd91
[15-12-2020 14:22:20][INFO][REQUEST] Un usuario pide descargar un video con id ofwE8oaS5QY
[15-12-2020 14:22:23][INFO][ANALYTICS] Se guardan en bd los datos del url -- 5fd8b88f60e7e3b71549dd92
[15-12-2020 14:22:29][INFO][REQUEST] Un usuario pide descargar un video con id ofwE8oaS5QY
[15-12-2020 14:22:32][INFO][ANALYTICS] Se guardan en bd los datos del url -- 5fd8b89860e7e3b71549dd93
[15-12-2020 14:24:44][INFO][REQUEST] Un usuario pide descargar un video con id ofwE8oaS5QY
[15-12-2020 14:24:47][INFO][ANALYTICS] Se guardan en bd los datos del url -- 5fd8b91f60e7e3b71549dd95
[15-12-2020 14:27:03][INFO][REQUEST] Un usuario pide descargar un video con id ofwE8oaS5QY
[15-12-2020 14:27:06][INFO][ANALYTICS] Se guardan en bd los datos del url -- 5fd8b9a960e7e3b71549dd97
[15-12-2020 14:27:43][INFO][REQUEST] Un usuario pide descargar un video con id ofwE8oaS5QY
[15-12-2020 14:27:46][INFO][ANALYTICS] Se guardan en bd los datos del url -- 5fd8b9d260e7e3b71549dd99
[15-12-2020 14:27:55][INFO][REQUEST] Un usuario pide descargar un video con id ofwE8oaS5QY
[15-12-2020 14:27:57][INFO][ANALYTICS] Se guardan en bd los datos del url -- 5fd8b9dd60e7e3b71549dd9a
[15-12-2020 14:28:11][INFO][REQUEST] Un usuario pide descargar un video con id ofwE8oaS5QY
[15-12-2020 14:28:14][INFO][ANALYTICS] Se guardan en bd los datos del url -- 5fd8b9ee60e7e3b71549dd9b
[15-12-2020 14:29:36][INFO][REQUEST] Un usuario pide descargar un video con id ofwE8oaS5QY
[15-12-2020 14:29:39][INFO][ANALYTICS] Se guardan en bd los datos del url -- 5fd8ba4360e7e3b71549dd9d
[15-12-2020 14:32:19][INFO][REQUEST] Un usuario pide descargar un video con id ofwE8oaS5QY
[15-12-2020 14:32:22][INFO][ANALYTICS] Se guardan en bd los datos del url -- 5fd8bae660e7e3b71549dda2
[15-12-2020 14:34:06][INFO][REQUEST] Un usuario pide descargar un video con id ofwE8oaS5QY
[15-12-2020 14:34:09][INFO][ANALYTICS] Se guardan en bd los datos del url -- 5fd8bb5160e7e3b71549dda4
[15-12-2020 14:34:54][INFO][REQUEST] Un usuario pide descargar un video con id ofwE8oaS5QY
[15-12-2020 14:34:56][INFO][ANALYTICS] Se guardan en bd los datos del url -- 5fd8bb8060e7e3b71549dda6
[15-12-2020 14:35:18][INFO][REQUEST] Un usuario pide descargar un video con id ofwE8oaS5QY
[15-12-2020 14:35:20][INFO][ANALYTICS] Se guardan en bd los datos del url -- 5fd8bb9860e7e3b71549dda7
[15-12-2020 14:35:26][INFO][REQUEST] Un usuario pide descargar un video con id o6Ml4lyJZZg&t=2475s
[15-12-2020 14:35:29][INFO][ANALYTICS] Se guardan en bd los datos del url -- 5fd8bba160e7e3b71549dda8
[15-12-2020 14:36:59][INFO][REQUEST] Un usuario pide descargar un video con id ofwE8oaS5QY
[15-12-2020 14:37:01][INFO][ANALYTICS] Se guardan en bd los datos del url -- 5fd8bbfd60e7e3b71549ddab
[15-12-2020 14:37:18][INFO][FILESYSTEM] se ha podido descargado correctamente el audio de yt con el id - ofwE8oaS5QY
[15-12-2020 14:37:18][INFO][FILESYSTEM] Se ha elmininado el contenido del directorio ../public/files
[15-12-2020 14:37:49][INFO][REQUEST] Un usuario pide descargar un video con id ofwE8oaS5QY
[15-12-2020 14:37:51][INFO][ANALYTICS] Se guardan en bd los datos del url -- 5fd8bc2f60e7e3b71549ddac
[15-12-2020 14:37:58][INFO][REQUEST] Un usuario pide descargar un video con id ofwE8oaS5QY
[15-12-2020 14:37:59][INFO][ANALYTICS] Se guardan en bd los datos del url -- 5fd8bc3760e7e3b71549ddad
[15-12-2020 14:38:07][INFO][REQUEST] Un usuario pide descargar un video con id ofwE8oaS5QY
[15-12-2020 14:38:09][INFO][ANALYTICS] Se guardan en bd los datos del url -- 5fd8bc4160e7e3b71549ddae
[15-12-2020 14:38:21][INFO][FILESYSTEM] se ha podido descargado correctamente el audio de yt con el id - ofwE8oaS5QY
[15-12-2020 14:38:21][INFO][FILESYSTEM] Se ha elmininado el contenido del directorio ../public/files
[15-12-2020 14:38:51][INFO][REQUEST] Un usuario pide descargar un video con id ofwE8oaS5QY
[15-12-2020 14:38:53][INFO][ANALYTICS] Se guardan en bd los datos del url -- 5fd8bc6d60e7e3b71549ddb1
[15-12-2020 14:39:05][INFO][FILESYSTEM] se ha podido descargado correctamente el audio de yt con el id - ofwE8oaS5QY
[15-12-2020 14:39:06][INFO][FILESYSTEM] Se ha elmininado el contenido del directorio ../public/files
[15-12-2020 14:39:12][INFO][REQUEST] Un usuario pide descargar un video con id o6Ml4lyJZZg&t=2475s
[15-12-2020 14:39:20][INFO][ANALYTICS] Se guardan en bd los datos del url -- 5fd8bc8860e7e3b71549ddb2
[15-12-2020 15:06:42][INFO][REQUEST] Un usuario pide descargar un video con id ofwE8oaS5QY
[15-12-2020 15:06:44][INFO][ANALYTICS] Se guardan en bd los datos del url -- 5fd8c2f460e7e3b71549ddb4
[15-12-2020 15:06:49][INFO][REQUEST] Un usuario pide descargar un video con id ofwE8oaS5QY
[15-12-2020 15:06:51][INFO][ANALYTICS] Se guardan en bd los datos del url -- 5fd8c2fb60e7e3b71549ddb5
[15-12-2020 15:07:21][INFO][REQUEST] Un usuario pide descargar un video con id ofwE8oaS5QY
[15-12-2020 15:07:23][INFO][ANALYTICS] Se guardan en bd los datos del url -- 5fd8c31b60e7e3b71549ddb6
[15-12-2020 15:07:33][INFO][REQUEST] Un usuario pide descargar un video con id ofwE8oaS5QY
[15-12-2020 15:07:35][INFO][ANALYTICS] Se guardan en bd los datos del url -- 5fd8c32760e7e3b71549ddb7
[15-12-2020 15:07:40][INFO][REQUEST] Un usuario pide descargar un video con id ofwE8oaS5QY
[15-12-2020 15:07:42][INFO][ANALYTICS] Se guardan en bd los datos del url -- 5fd8c32e60e7e3b71549ddb8
[15-12-2020 15:11:22][INFO][REQUEST] Un usuario pide descargar un video con id o6Ml4lyJZZg&t=2475s
[15-12-2020 15:11:24][INFO][ANALYTICS] Se guardan en bd los datos del url -- 5fd8c40c60e7e3b71549ddba
[15-12-2020 15:11:33][INFO][REQUEST] Un usuario pide descargar un video con id ofwE8oaS5QY
[15-12-2020 15:11:36][INFO][ANALYTICS] Se guardan en bd los datos del url -- 5fd8c41860e7e3b71549ddbb
[15-12-2020 15:11:40][INFO][REQUEST] Un usuario pide descargar un video con id ofwE8oaS5QY
[15-12-2020 15:11:42][INFO][ANALYTICS] Se guardan en bd los datos del url -- 5fd8c41e60e7e3b71549ddbc
[15-12-2020 15:11:58][INFO][REQUEST] Un usuario pide descargar un video con id ofwE8oaS5QY
[15-12-2020 15:12:00][INFO][ANALYTICS] Se guardan en bd los datos del url -- 5fd8c43060e7e3b71549ddbe
[15-12-2020 15:13:03][INFO][REQUEST] Un usuario pide descargar un video con id ofwE8oaS5QY
[15-12-2020 15:13:05][INFO][ANALYTICS] Se guardan en bd los datos del url -- 5fd8c47160e7e3b71549ddbf
[15-12-2020 15:13:20][INFO][REQUEST] Un usuario pide descargar un video con id ofwE8oaS5QY
[15-12-2020 15:13:22][INFO][ANALYTICS] Se guardan en bd los datos del url -- 5fd8c48260e7e3b71549ddc1
[15-12-2020 15:16:14][INFO][REQUEST] Un usuario pide descargar un video con id ofwE8oaS5QY
[15-12-2020 15:16:16][INFO][ANALYTICS] Se guardan en bd los datos del url -- 5fd8c53060e7e3b71549ddc2
[15-12-2020 15:21:00][INFO][REQUEST] Un usuario pide descargar un video con id 5YVKk1S885A
[15-12-2020 15:21:02][INFO][ANALYTICS] Se guardan en bd los datos del url -- 5fd8c64ea30191eb7e339e63
[15-12-2020 15:21:11][INFO][REQUEST] Un usuario pide descargar un video con id sl6tRA41frA&t=1946s
[15-12-2020 15:21:12][INFO][ANALYTICS] Se guardan en bd los datos del url -- 5fd8c658a30191eb7e339e64
[15-12-2020 15:21:45][INFO][REQUEST] Un usuario pide descargar un video con id 5YVKk1S885A
[15-12-2020 15:21:47][INFO][ANALYTICS] Se guardan en bd los datos del url -- 5fd8c67ba30191eb7e339e67
[15-12-2020 15:21:55][INFO][REQUEST] Un usuario pide descargar un video con id uQOvL1BHpPw
[15-12-2020 15:21:58][INFO][ANALYTICS] Se guardan en bd los datos del url -- 5fd8c686a30191eb7e339e68
[15-12-2020 15:24:44][INFO][REQUEST] Un usuario pide descargar un video con id 5YVKk1S885A
[15-12-2020 15:24:46][INFO][ANALYTICS] Se guardan en bd los datos del url -- 5fd8c72ea30191eb7e339e6d
[15-12-2020 15:24:53][INFO][REQUEST] Un usuario pide descargar un video con id sl6tRA41frA&t=1946s
[15-12-2020 15:24:55][INFO][ANALYTICS] Se guardan en bd los datos del url -- 5fd8c737a30191eb7e339e6e
[15-12-2020 15:26:27][INFO][REQUEST] Un usuario pide descargar un video con id 5YVKk1S885A
[15-12-2020 15:26:28][INFO][ANALYTICS] Se guardan en bd los datos del url -- 5fd8c794e282a7eecf44da06
[15-12-2020 15:27:43][INFO][REQUEST] Un usuario pide descargar un video con id dLoYGHEIQlQ
[15-12-2020 15:27:45][INFO][ANALYTICS] Se guardan en bd los datos del url -- 5fd8c7e1e282a7eecf44da07
[15-12-2020 15:27:51][INFO][REQUEST] Un usuario pide descargar un video con id dLoYGHEIQlQ
[15-12-2020 15:27:53][INFO][ANALYTICS] Se guardan en bd los datos del url -- 5fd8c7e9e282a7eecf44da08
[15-12-2020 15:28:24][INFO][FILESYSTEM] se ha podido descargado correctamente el audio de yt con el id - dLoYGHEIQlQ
[15-12-2020 15:28:24][INFO][FILESYSTEM] Se ha elmininado el contenido del directorio ../public/files
[15-12-2020 15:28:25][INFO][REQUEST] Un usuario pide descargar un video con id uQOvL1BHpPw
[15-12-2020 15:28:27][INFO][ANALYTICS] Se guardan en bd los datos del url -- 5fd8c80be282a7eecf44da09
[15-12-2020 15:28:36][INFO][REQUEST] Un usuario pide descargar un video con id 5YVKk1S885A
[15-12-2020 15:28:38][INFO][ANALYTICS] Se guardan en bd los datos del url -- 5fd8c816e282a7eecf44da0a
[15-12-2020 15:28:40][INFO][FILESYSTEM] se ha podido descargado correctamente el audio de yt con el id - uQOvL1BHpPw
[15-12-2020 15:28:40][INFO][FILESYSTEM] Se ha elmininado el contenido del directorio ../public/files
[15-12-2020 15:29:35][INFO][REQUEST] Un usuario pide descargar un video con id 5YVKk1S885A
[15-12-2020 15:29:37][INFO][ANALYTICS] Se guardan en bd los datos del url -- 5fd8c851e282a7eecf44da10
[15-12-2020 15:29:44][INFO][REQUEST] Un usuario pide descargar un video con id m9yOjSXBGSM
[15-12-2020 15:29:45][INFO][ANALYTICS] Se guardan en bd los datos del url -- 5fd8c859e282a7eecf44da11
[15-12-2020 15:31:15][INFO][REQUEST] Un usuario pide descargar un video con id mkn5n8Ws-HE
[15-12-2020 15:31:19][INFO][ANALYTICS] Se guardan en bd los datos del url -- 5fd8c8b7e282a7eecf44da12
