[08-01-2021 11:23:03][INFO][REQUEST] Un usuario pide descargar la playlist con id PL5wwzc4xIW_F1be-SFPsg4Tggrr0zC7cm
[08-01-2021 11:24:24][INFO][REQUEST] Un usuario pide descargar la playlist con id PL5wwzc4xIW_F1be-SFPsg4Tggrr0zC7cm
[08-01-2021 11:25:23][INFO][REQUEST] Un usuario pide descargar la playlist con id PL5wwzc4xIW_F1be-SFPsg4Tggrr0zC7cm
[08-01-2021 11:39:31][INFO][REQUEST] Un usuario pide descargar la playlist con id PLcxK05e4ELfrazhAgE-7gSWaHd4kkX5N6
[08-01-2021 11:40:16][INFO][REQUEST] Un usuario pide descargar la playlist con id PLcxK05e4ELfrazhAgE-7gSWaHd4kkX5N6
[08-01-2021 11:42:59][INFO][REQUEST] Un usuario pide descargar la playlist con id undefined
[08-01-2021 11:44:19][INFO][REQUEST] Un usuario pide descargar la playlist con id PL5wwzc4xIW_F1be-SFPsg4Tggrr0zC7cm
[08-01-2021 11:45:10][INFO][REQUEST] Un usuario pide descargar la playlist con id PL5wwzc4xIW_F1be-SFPsg4Tggrr0zC7cm
[08-01-2021 11:47:13][INFO][REQUEST] Un usuario pide descargar la playlist con id PL5wwzc4xIW_F1be-SFPsg4Tggrr0zC7cm
[08-01-2021 11:47:43][INFO][REQUEST] Un usuario pide descargar la playlist con id PL5wwzc4xIW_F1be-SFPsg4Tggrr0zC7cm
[08-01-2021 11:48:27][INFO][REQUEST] Un usuario pide descargar la playlist con id PL5wwzc4xIW_F1be-SFPsg4Tggrr0zC7cm
[08-01-2021 11:48:51][INFO][REQUEST] Un usuario pide descargar la playlist con id PL5wwzc4xIW_F1be-SFPsg4Tggrr0zC7cm
[08-01-2021 11:49:14][INFO][REQUEST] Un usuario pide descargar la playlist con id PL5wwzc4xIW_F1be-SFPsg4Tggrr0zC7cm
[08-01-2021 11:50:14][INFO][REQUEST] Un usuario pide descargar la playlist con id PL5wwzc4xIW_F1be-SFPsg4Tggrr0zC7cm
[08-01-2021 11:51:19][INFO][REQUEST] Un usuario pide descargar la playlist con id PLcxK05e4ELfq6ZUDMUzZ0xH5N9fcgybrZ
[08-01-2021 11:53:52][INFO][REQUEST] Un usuario pide descargar la playlist con id PLcxK05e4ELfq6ZUDMUzZ0xH5N9fcgybrZ
[08-01-2021 11:54:43][INFO][REQUEST] Un usuario pide descargar la playlist con id PLcxK05e4ELfq6ZUDMUzZ0xH5N9fcgybrZ
[08-01-2021 11:55:22][INFO][REQUEST] Un usuario pide descargar la playlist con id PLcxK05e4ELfq6ZUDMUzZ0xH5N9fcgybrZ
[08-01-2021 11:57:52][INFO][REQUEST] Un usuario pide descargar la playlist con id PLcxK05e4ELfq6ZUDMUzZ0xH5N9fcgybrZ
[08-01-2021 11:59:23][INFO][REQUEST] Un usuario pide descargar la playlist con id PLcxK05e4ELfq6ZUDMUzZ0xH5N9fcgybrZ
[08-01-2021 11:59:54][INFO][REQUEST] Un usuario pide descargar la playlist con id PLcxK05e4ELfq6ZUDMUzZ0xH5N9fcgybrZ
[08-01-2021 12:00:38][INFO][REQUEST] Un usuario pide descargar la playlist con id PLcxK05e4ELfq6ZUDMUzZ0xH5N9fcgybrZ
[08-01-2021 12:01:01][INFO][REQUEST] Un usuario pide descargar la playlist con id PLcxK05e4ELfq6ZUDMUzZ0xH5N9fcgybrZ
[08-01-2021 12:01:22][INFO][REQUEST] Un usuario pide descargar la playlist con id PLcxK05e4ELfq6ZUDMUzZ0xH5N9fcgybrZ
[08-01-2021 12:02:14][INFO][REQUEST] Un usuario pide descargar la playlist con id PLcxK05e4ELfq6ZUDMUzZ0xH5N9fcgybrZ
[08-01-2021 12:16:00][INFO][REQUEST] Un usuario pide descargar la playlist con id PLcxK05e4ELfq6ZUDMUzZ0xH5N9fcgybrZ
[08-01-2021 12:16:28][INFO][REQUEST] Un usuario pide descargar la playlist con id PL5wwzc4xIW_F1be-SFPsg4Tggrr0zC7cm
[08-01-2021 12:16:44][INFO] [REQUEST] Un usuario pide descargar un video con id $ { id }
    
[08-01-2021 12:16:46][INFO] [ANALYTICS] Se guardan en bd los datos del url--$ { info._id }
    
[08-01-2021 12:16:51][INFO][REQUEST] Un usuario pide descargar un video con id ofwE8oaS5QY
[08-01-2021 12:16:54][INFO][ANALYTICS] Se guardan en bd los datos del url -- 5ff83f26b4776b9b36aac026
[08-01-2021 12:21:23][INFO][REQUEST] Un usuario pide descargar la playlist con id PLcxK05e4ELfq6ZUDMUzZ0xH5N9fcgybrZ
[08-01-2021 12:25:22][INFO][REQUEST] Un usuario pide descargar la playlist con id PLcxK05e4ELfq6ZUDMUzZ0xH5N9fcgybrZ
[08-01-2021 12:25:55][INFO][REQUEST] Un usuario pide descargar la playlist con id PLcxK05e4ELfq6ZUDMUzZ0xH5N9fcgybrZ
[08-01-2021 12:26:25][INFO][REQUEST] Un usuario pide descargar la playlist con id PLcxK05e4ELfq6ZUDMUzZ0xH5N9fcgybrZ
[08-01-2021 12:26:42][INFO][REQUEST] Un usuario pide descargar la playlist con id PLcxK05e4ELfq6ZUDMUzZ0xH5N9fcgybrZ
[08-01-2021 12:27:15][INFO][REQUEST] Un usuario pide descargar la playlist con id PLcxK05e4ELfq6ZUDMUzZ0xH5N9fcgybrZ
[08-01-2021 12:27:16][INFO] [RESPONSE] Se devuelven los datos con la playlist con id PLcxK05e4ELfq6ZUDMUzZ0xH5N9fcgybrZ
    
[08-01-2021 12:27:16][INFO] [ERROR] No se guardan en bd los datos de la ytPlaylist con id PLcxK05e4ELfq6ZUDMUzZ0xH5N9fcgybrZ
    
[08-01-2021 12:27:53][INFO][REQUEST] Un usuario pide descargar la playlist con id PLcxK05e4ELfq6ZUDMUzZ0xH5N9fcgybrZ
[08-01-2021 12:27:53][INFO] [RESPONSE] Se devuelven los datos con la playlist con id PLcxK05e4ELfq6ZUDMUzZ0xH5N9fcgybrZ
    
[08-01-2021 12:27:53][INFO] [ERROR] No se guardan en bd los datos de la ytPlaylist con id PLcxK05e4ELfq6ZUDMUzZ0xH5N9fcgybrZ
    
[08-01-2021 12:31:13][INFO][REQUEST] Un usuario pide descargar la playlist con id PLcxK05e4ELfq6ZUDMUzZ0xH5N9fcgybrZ
[08-01-2021 12:31:14][INFO] [RESPONSE] Se devuelven los datos con la playlist con id PLcxK05e4ELfq6ZUDMUzZ0xH5N9fcgybrZ
    
[08-01-2021 12:31:14][INFO] [ANALYTICS] Se guardan en bd los datos de la ytPlaylist con id 5ff842821bf629a727cfa430
    
[08-01-2021 12:32:17][INFO][REQUEST] Un usuario pide descargar la playlist con id PLcxK05e4ELfq6ZUDMUzZ0xH5N9fcgybrZ
[08-01-2021 12:32:17][INFO] [RESPONSE] Se devuelven los datos con la playlist con id PLcxK05e4ELfq6ZUDMUzZ0xH5N9fcgybrZ
    
[08-01-2021 12:32:17][INFO] [ANALYTICS] Se guardan en bd los datos de la ytPlaylist con id 5ff842c1844e74a79acbb2de
    
[08-01-2021 12:33:34][INFO][REQUEST] Un usuario pide descargar la playlist con id PL5wwzc4xIW_F1be-SFPsg4Tggrr0zC7cm
[08-01-2021 12:33:35][INFO] [RESPONSE] Se devuelven los datos con la playlist con id PL5wwzc4xIW_F1be-SFPsg4Tggrr0zC7cm
    
[08-01-2021 12:33:35][INFO] [ANALYTICS] Se guardan en bd los datos de la ytPlaylist con id 5ff8430fdbe80ca7cb8f2e99
    
[08-01-2021 12:34:44][INFO][REQUEST] Un usuario pide descargar la playlist con id PL5wwzc4xIW_F1be-SFPsg4Tggrr0zC7cm
[08-01-2021 12:34:45][INFO] [RESPONSE] Se devuelven los datos con la playlist con id PL5wwzc4xIW_F1be-SFPsg4Tggrr0zC7cm
    
[08-01-2021 12:34:45][INFO] [ANALYTICS] Se guardan en bd los datos de la ytPlaylist con id 5ff84355dbe80ca7cb8f2e9a
    
[08-01-2021 12:35:14][INFO][REQUEST] Un usuario pide descargar la playlist con id PLcxK05e4ELfopg7yfNdPyp4G1XWwUyp_l
[08-01-2021 12:35:14][INFO] [RESPONSE] Se devuelven los datos con la playlist con id PLcxK05e4ELfopg7yfNdPyp4G1XWwUyp_l
    
[08-01-2021 12:35:14][INFO] [ANALYTICS] Se guardan en bd los datos de la ytPlaylist con id 5ff84372dbe80ca7cb8f2e9b
    
[08-01-2021 12:35:57][INFO][REQUEST] Un usuario pide descargar la playlist con id PL5wwzc4xIW_F1be-SFPsg4Tggrr0zC7cm
[08-01-2021 12:35:58][INFO] [RESPONSE] Se devuelven los datos con la playlist con id PL5wwzc4xIW_F1be-SFPsg4Tggrr0zC7cm
    
[08-01-2021 12:35:58][INFO] [ANALYTICS] Se guardan en bd los datos de la ytPlaylist con id 5ff8439edbe80ca7cb8f2e9c
    
[08-01-2021 12:37:57][INFO][REQUEST] Un usuario pide descargar la playlist con id PL5wwzc4xIW_F1be-SFPsg4Tggrr0zC7cm
[08-01-2021 12:37:57][INFO] [RESPONSE] Se devuelven los datos con la playlist con id PL5wwzc4xIW_F1be-SFPsg4Tggrr0zC7cm
    
[08-01-2021 12:37:57][INFO] [ANALYTICS] Se guardan en bd los datos de la ytPlaylist con id 5ff84415dbe80ca7cb8f2e9d
    
[08-01-2021 12:38:43][INFO][REQUEST] Un usuario pide descargar la playlist con id PL5wwzc4xIW_F1be-SFPsg4Tggrr0zC7cm
[08-01-2021 12:38:43][INFO] [RESPONSE] Se devuelven los datos con la playlist con id PL5wwzc4xIW_F1be-SFPsg4Tggrr0zC7cm
    
[08-01-2021 12:38:43][INFO] [ANALYTICS] Se guardan en bd los datos de la ytPlaylist con id 5ff84443dbe80ca7cb8f2e9e
    
[08-01-2021 12:39:04][INFO][REQUEST] Un usuario pide descargar un video con id P-hNkuMwJgc
[08-01-2021 12:39:08][INFO][ANALYTICS] Se guardan en bd los datos del url -- 5ff8445cdbe80ca7cb8f2e9f
[08-01-2021 12:39:49][INFO][REQUEST] Un usuario pide descargar la playlist con id PL5wwzc4xIW_F1be-SFPsg4Tggrr0zC7cm
[08-01-2021 12:39:50][INFO] [RESPONSE] Se devuelven los datos con la playlist con id PL5wwzc4xIW_F1be-SFPsg4Tggrr0zC7cm
    
[08-01-2021 12:39:50][INFO] [ANALYTICS] Se guardan en bd los datos de la ytPlaylist con id 5ff84486dbe80ca7cb8f2ea0
    
[08-01-2021 12:40:53][INFO][REQUEST] Un usuario pide descargar la playlist con id PL5wwzc4xIW_F1be-SFPsg4Tggrr0zC7cm
[08-01-2021 12:40:54][INFO] [RESPONSE] Se devuelven los datos con la playlist con id PL5wwzc4xIW_F1be-SFPsg4Tggrr0zC7cm
    
[08-01-2021 12:40:54][INFO] [ANALYTICS] Se guardan en bd los datos de la ytPlaylist con id 5ff844c6dbe80ca7cb8f2ea1
    
[08-01-2021 12:41:27][INFO][REQUEST] Un usuario pide descargar la playlist con id PL5wwzc4xIW_F1be-SFPsg4Tggrr0zC7cm
[08-01-2021 12:41:28][INFO] [RESPONSE] Se devuelven los datos con la playlist con id PL5wwzc4xIW_F1be-SFPsg4Tggrr0zC7cm
    
[08-01-2021 12:41:28][INFO] [ANALYTICS] Se guardan en bd los datos de la ytPlaylist con id 5ff844e8dbe80ca7cb8f2ea2
    
[08-01-2021 12:43:43][INFO][REQUEST] Un usuario pide descargar la playlist con id PLcxK05e4ELfopg7yfNdPyp4G1XWwUyp_l
[08-01-2021 12:43:44][INFO] [RESPONSE] Se devuelven los datos con la playlist con id PLcxK05e4ELfopg7yfNdPyp4G1XWwUyp_l
    
[08-01-2021 12:43:44][INFO] [ANALYTICS] Se guardan en bd los datos de la ytPlaylist con id 5ff84570dbe80ca7cb8f2ea3
    
[08-01-2021 12:44:58][INFO][REQUEST] Un usuario pide descargar la playlist con id PL5wwzc4xIW_F1be-SFPsg4Tggrr0zC7cm
[08-01-2021 12:44:58][INFO] [RESPONSE] Se devuelven los datos con la playlist con id PL5wwzc4xIW_F1be-SFPsg4Tggrr0zC7cm
    
[08-01-2021 12:44:58][INFO] [ANALYTICS] Se guardan en bd los datos de la ytPlaylist con id 5ff845badbe80ca7cb8f2ea4
    
[08-01-2021 12:47:24][INFO][REQUEST] Un usuario pide descargar la playlist con id PL5wwzc4xIW_F1be-SFPsg4Tggrr0zC7cm
[08-01-2021 12:47:25][INFO] [RESPONSE] Se devuelven los datos con la playlist con id PL5wwzc4xIW_F1be-SFPsg4Tggrr0zC7cm
    
[08-01-2021 12:47:25][INFO] [ANALYTICS] Se guardan en bd los datos de la ytPlaylist con id 5ff8464ddbe80ca7cb8f2ea5
    
[08-01-2021 12:48:09][INFO][REQUEST] Un usuario pide descargar la playlist con id PL5wwzc4xIW_F1be-SFPsg4Tggrr0zC7cm
[08-01-2021 12:48:09][INFO] [RESPONSE] Se devuelven los datos con la playlist con id PL5wwzc4xIW_F1be-SFPsg4Tggrr0zC7cm
    
[08-01-2021 12:48:09][INFO] [ANALYTICS] Se guardan en bd los datos de la ytPlaylist con id 5ff84679dbe80ca7cb8f2ea6
    
[08-01-2021 12:50:01][INFO][REQUEST] Un usuario pide descargar la playlist con id PL5wwzc4xIW_HuBqKIn2k6o5VKej8DKkbU
[08-01-2021 12:50:02][INFO] [RESPONSE] Se devuelven los datos con la playlist con id PL5wwzc4xIW_HuBqKIn2k6o5VKej8DKkbU
    
[08-01-2021 12:50:02][INFO] [ANALYTICS] Se guardan en bd los datos de la ytPlaylist con id 5ff846eadbe80ca7cb8f2ea7
    
[08-01-2021 12:50:07][INFO][REQUEST] Un usuario pide descargar un video con id LBKZbRj8kIo
[08-01-2021 12:50:09][INFO][ANALYTICS] Se guardan en bd los datos del url -- 5ff846f1dbe80ca7cb8f2ea8
[08-01-2021 12:50:15][INFO] [REQUEST] Un usuario pide descargar un video con id $ { id }
    
[08-01-2021 12:50:17][INFO] [ANALYTICS] Se guardan en bd los datos del url--$ { info._id }
    
[08-01-2021 12:50:29][INFO] [REQUEST] Un usuario pide descargar un video con id $ { id }
    
[08-01-2021 12:51:11][INFO] [REQUEST] Un usuario pide descargar un video con id $ { id }
    
[08-01-2021 12:51:13][INFO] [ANALYTICS] Se guardan en bd los datos del url--$ { info._id }
    
[08-01-2021 12:53:25][INFO] [REQUEST] Un usuario pide descargar un video con id $ { id }
    
[08-01-2021 12:53:27][INFO] [ANALYTICS] Se guardan en bd los datos del url--$ { info._id }
    
[08-01-2021 12:55:17][INFO] [REQUEST] Un usuario pide descargar un video con id $ { id }
    
[08-01-2021 12:55:19][INFO] [ANALYTICS] Se guardan en bd los datos del url--$ { info._id }
    
[08-01-2021 12:57:04][INFO][REQUEST] Un usuario pide descargar un video con id TqC3e8nBycg
[08-01-2021 12:57:07][INFO][ANALYTICS] Se guardan en bd los datos del url -- 5ff848936835f1b475ded522
[08-01-2021 12:57:25][INFO][REQUEST] Un usuario pide descargar un video con id ofwE8oaS5QY
[08-01-2021 12:57:28][INFO][ANALYTICS] Se guardan en bd los datos del url -- 5ff848a86835f1b475ded523
[08-01-2021 12:57:37][INFO] [REQUEST] Un usuario pide descargar un video con id $ { id }
    
[08-01-2021 12:57:39][INFO] [ANALYTICS] Se guardan en bd los datos del url--$ { info._id }
    
[08-01-2021 12:59:26][INFO] [REQUEST] Un usuario pide descargar un video con id ofwE8oaS5QY
[08-01-2021 12:59:29][INFO] [ANALYTICS] Se guardan en bd los datos del url-- 5ff84921aa9926b755051270
    
[08-01-2021 13:00:20][INFO] [REQUEST] Un usuario pide descargar un video con id ofwE8oaS5QY
[08-01-2021 13:00:23][INFO] [ANALYTICS] Se guardan en bd los datos del url-- 5ff84957a03797b84e2d73af
    
[08-01-2021 13:01:58][INFO][REQUEST] Un usuario pide descargar la playlist con id PL5wwzc4xIW_F1be-SFPsg4Tggrr0zC7cm
[08-01-2021 13:01:59][INFO] [RESPONSE] Se devuelven los datos con la playlist con id PL5wwzc4xIW_F1be-SFPsg4Tggrr0zC7cm
    
[08-01-2021 13:01:59][INFO] [ANALYTICS] Se guardan en bd los datos de la ytPlaylist con id 5ff849b771f25cb9315a69d7
    
[08-01-2021 13:02:01][INFO] [REQUEST] Un usuario pide descargar un video con id P-hNkuMwJgc
[08-01-2021 13:02:05][INFO] [ANALYTICS] Se guardan en bd los datos del url-- 5ff849bd71f25cb9315a69d8
    
[08-01-2021 13:04:31][INFO] [REQUEST] Un usuario pide descargar un video con id ofwE8oaS5QY
[08-01-2021 13:04:35][INFO] [ANALYTICS] Se guardan en bd los datos del url-- 5ff84a5320090cba8a0d5c7c
    
[08-01-2021 13:05:06][INFO][FILESYSTEM] se ha podido descargado correctamente el audio de yt con el id - ofwE8oaS5QY
[08-01-2021 13:05:06][INFO][FILESYSTEM] Se ha elmininado el contenido del directorio ../public/files
[08-01-2021 13:05:21][INFO][REQUEST] Un usuario pide descargar la playlist con id PL5wwzc4xIW_F1be-SFPsg4Tggrr0zC7cm
[08-01-2021 13:05:22][INFO] [RESPONSE] Se devuelven los datos con la playlist con id PL5wwzc4xIW_F1be-SFPsg4Tggrr0zC7cm
    
[08-01-2021 13:05:22][INFO] [ANALYTICS] Se guardan en bd los datos de la ytPlaylist con id 5ff84a8220090cba8a0d5c7d
    
[08-01-2021 13:05:23][INFO] [REQUEST] Un usuario pide descargar un video con id P-hNkuMwJgc
[08-01-2021 13:05:27][INFO] [ANALYTICS] Se guardan en bd los datos del url-- 5ff84a8720090cba8a0d5c7e
    
[08-01-2021 13:05:42][INFO][FILESYSTEM] se ha podido descargado correctamente el audio de yt con el id - P-hNkuMwJgc
[08-01-2021 13:05:42][INFO][FILESYSTEM] Se ha elmininado el contenido del directorio ../public/files
[08-01-2021 13:06:27][INFO][REQUEST] Un usuario pide descargar la playlist con id PL4LrhaXTkx7I_-YzeA66y_YauajQsp5aF
[08-01-2021 13:06:27][INFO] [RESPONSE] Se devuelven los datos con la playlist con id PL4LrhaXTkx7I_-YzeA66y_YauajQsp5aF
    
[08-01-2021 13:06:27][INFO] [ANALYTICS] Se guardan en bd los datos de la ytPlaylist con id 5ff84ac320090cba8a0d5c7f
    
[08-01-2021 13:06:33][INFO][REQUEST] Un usuario pide descargar un video con id ONq5VfMWRn8
[08-01-2021 13:06:48][INFO][REQUEST] Un usuario pide descargar un video con id y8ADQ2q38ZI
[08-01-2021 13:06:55][INFO][REQUEST] Un usuario pide descargar un video con id qsNrWWor-tI
[08-01-2021 13:08:56][INFO][REQUEST] Un usuario pide descargar la playlist con id PL5wwzc4xIW_F1be-SFPsg4Tggrr0zC7cm
[08-01-2021 13:08:57][INFO] [RESPONSE] Se devuelven los datos con la playlist con id PL5wwzc4xIW_F1be-SFPsg4Tggrr0zC7cm
    
[08-01-2021 13:08:57][INFO] [ANALYTICS] Se guardan en bd los datos de la ytPlaylist con id 5ff84b5920090cba8a0d5c80
    
[08-01-2021 13:09:00][INFO][REQUEST] Un usuario pide descargar un video con id P-hNkuMwJgc
[08-01-2021 13:09:04][INFO][ANALYTICS] Se guardan en bd los datos del url -- 5ff84b6020090cba8a0d5c81
[08-01-2021 13:09:39][INFO][REQUEST] Un usuario pide descargar la playlist con id PL4LrhaXTkx7I_-YzeA66y_YauajQsp5aF
[08-01-2021 13:09:40][INFO] [RESPONSE] Se devuelven los datos con la playlist con id PL4LrhaXTkx7I_-YzeA66y_YauajQsp5aF
    
[08-01-2021 13:09:40][INFO] [ANALYTICS] Se guardan en bd los datos de la ytPlaylist con id 5ff84b8420090cba8a0d5c82
    
[08-01-2021 13:09:43][INFO][REQUEST] Un usuario pide descargar un video con id ONq5VfMWRn8
[08-01-2021 13:10:17][INFO][REQUEST] Un usuario pide descargar la playlist con id PL5wwzc4xIW_F1be-SFPsg4Tggrr0zC7cm
[08-01-2021 13:10:18][INFO] [RESPONSE] Se devuelven los datos con la playlist con id PL5wwzc4xIW_F1be-SFPsg4Tggrr0zC7cm
    
[08-01-2021 13:10:18][INFO] [ANALYTICS] Se guardan en bd los datos de la ytPlaylist con id 5ff84baa1e8f5bbdfdd70ac1
    
[08-01-2021 13:10:20][INFO][REQUEST] Un usuario pide descargar un video con id P-hNkuMwJgc
[08-01-2021 13:10:24][INFO][ANALYTICS] Se guardan en bd los datos del url -- 5ff84bb01e8f5bbdfdd70ac2
[08-01-2021 13:10:33][INFO][REQUEST] Un usuario pide descargar la playlist con id PL4LrhaXTkx7I_-YzeA66y_YauajQsp5aF
[08-01-2021 13:10:34][INFO] [RESPONSE] Se devuelven los datos con la playlist con id PL4LrhaXTkx7I_-YzeA66y_YauajQsp5aF
    
[08-01-2021 13:10:34][INFO] [ANALYTICS] Se guardan en bd los datos de la ytPlaylist con id 5ff84bba1e8f5bbdfdd70ac3
    
[08-01-2021 13:10:39][INFO][REQUEST] Un usuario pide descargar un video con id K4GOUQddliU
[08-01-2021 13:12:27][INFO] [REQUEST] Un usuario pide descargar un video con id y8ADQ2q38ZI
[08-01-2021 13:12:31][INFO] [ANALYTICS] Se guardan en bd los datos del url-- 5ff84c2f1e8f5bbdfdd70ac4
    
[08-01-2021 13:12:40][INFO][REQUEST] Un usuario pide descargar la playlist con id PLcxK05e4ELfopg7yfNdPyp4G1XWwUyp_l
[08-01-2021 13:12:41][INFO] [RESPONSE] Se devuelven los datos con la playlist con id PLcxK05e4ELfopg7yfNdPyp4G1XWwUyp_l
    
[08-01-2021 13:12:41][INFO] [ANALYTICS] Se guardan en bd los datos de la ytPlaylist con id 5ff84c391e8f5bbdfdd70ac5
    
[08-01-2021 13:12:45][INFO][REQUEST] Un usuario pide descargar un video con id DqX2NVTRSsA
[08-01-2021 13:12:51][INFO][ANALYTICS] Se guardan en bd los datos del url -- 5ff84c431e8f5bbdfdd70ac6
[08-01-2021 13:13:27][INFO][REQUEST] Un usuario pide descargar la playlist con id PL4LrhaXTkx7I_-YzeA66y_YauajQsp5aF
[08-01-2021 13:13:27][INFO] [RESPONSE] Se devuelven los datos con la playlist con id PL4LrhaXTkx7I_-YzeA66y_YauajQsp5aF
    
[08-01-2021 13:13:27][INFO] [ANALYTICS] Se guardan en bd los datos de la ytPlaylist con id 5ff84c671e8f5bbdfdd70ac7
    
[08-01-2021 13:13:33][INFO][REQUEST] Un usuario pide descargar un video con id ONq5VfMWRn8
[08-01-2021 13:15:13][INFO][REQUEST] Un usuario pide descargar un video con id obzKKEDVjso
[08-01-2021 13:15:16][INFO][ANALYTICS] Se guardan en bd los datos del url -- 5ff84cd41e8f5bbdfdd70ac8
[08-01-2021 13:15:27][INFO][REQUEST] Un usuario pide descargar un video con id kKQPAptcjcY
[08-01-2021 13:16:14][INFO] [REQUEST] Un usuario pide descargar un video con id gPKOy80Gdjw
[08-01-2021 13:16:18][INFO] [ANALYTICS] Se guardan en bd los datos del url-- 5ff84d121e8f5bbdfdd70ac9
    
[08-01-2021 13:23:46][INFO][REQUEST] Un usuario pide descargar un video con id sHu0bRZp0eg
[08-01-2021 13:25:58][INFO][REQUEST] Un usuario pide descargar un video con id obzKKEDVjso
[08-01-2021 13:26:01][INFO][ANALYTICS] Se guardan en bd los datos del url -- 5ff84f591e8f5bbdfdd70aca
[08-01-2021 13:26:05][INFO][REQUEST] Un usuario pide descargar un video con id obzKKEDVjso
[08-01-2021 13:26:08][INFO][ANALYTICS] Se guardan en bd los datos del url -- 5ff84f601e8f5bbdfdd70acb
[08-01-2021 13:26:59][INFO][REQUEST] Un usuario pide descargar la playlist con id PLOod1xZ2pymPAZBoqcdKdodJOWcCXkPC7
[08-01-2021 13:26:59][INFO] [RESPONSE] Se devuelven los datos con la playlist con id PLOod1xZ2pymPAZBoqcdKdodJOWcCXkPC7
    
[08-01-2021 13:26:59][INFO] [ANALYTICS] Se guardan en bd los datos de la ytPlaylist con id 5ff84f931e8f5bbdfdd70acc
    
[08-01-2021 13:27:01][INFO][REQUEST] Un usuario pide descargar un video con id vhW3MvXxvwQ
[08-01-2021 13:27:05][INFO][ANALYTICS] Se guardan en bd los datos del url -- 5ff84f991e8f5bbdfdd70acd
[08-01-2021 13:27:42][INFO][REQUEST] Un usuario pide descargar la playlist con id PL4LrhaXTkx7LsRBwVu9f2UzxxNTfYOuHH
[08-01-2021 13:27:43][INFO] [RESPONSE] Se devuelven los datos con la playlist con id PL4LrhaXTkx7LsRBwVu9f2UzxxNTfYOuHH
    
[08-01-2021 13:27:43][INFO] [ANALYTICS] Se guardan en bd los datos de la ytPlaylist con id 5ff84fbf1e8f5bbdfdd70ace
    
[08-01-2021 13:27:45][INFO][REQUEST] Un usuario pide descargar un video con id V5HLTYU9LPc
[08-01-2021 13:27:54][INFO][REQUEST] Un usuario pide descargar un video con id sS1w6Tiz-kY
[08-01-2021 13:28:40][INFO][REQUEST] Un usuario pide descargar la playlist con id PLMTlP_6UbD8iHiLYlZgBflTo7BkVeKx82
[08-01-2021 13:28:41][INFO] [RESPONSE] Se devuelven los datos con la playlist con id PLMTlP_6UbD8iHiLYlZgBflTo7BkVeKx82
    
[08-01-2021 13:28:41][INFO] [ANALYTICS] Se guardan en bd los datos de la ytPlaylist con id 5ff84ff91e8f5bbdfdd70acf
    
[08-01-2021 13:28:43][INFO][REQUEST] Un usuario pide descargar un video con id FF_TvV5qA2s
[08-01-2021 13:28:46][INFO][ANALYTICS] Se guardan en bd los datos del url -- 5ff84ffe1e8f5bbdfdd70ad0
[08-01-2021 13:28:49][INFO] [REQUEST] Un usuario pide descargar un video con id FF_TvV5qA2s
[08-01-2021 13:28:51][INFO] [ANALYTICS] Se guardan en bd los datos del url-- 5ff850031e8f5bbdfdd70ad1
    
[08-01-2021 13:29:24][INFO][REQUEST] Un usuario pide descargar la playlist con id PL4LrhaXTkx7LVWy22ejiYQViGsAHzoK92
[08-01-2021 13:29:25][INFO] [RESPONSE] Se devuelven los datos con la playlist con id PL4LrhaXTkx7LVWy22ejiYQViGsAHzoK92
    
[08-01-2021 13:29:25][INFO] [ANALYTICS] Se guardan en bd los datos de la ytPlaylist con id 5ff850251e8f5bbdfdd70ad2
    
[08-01-2021 13:29:28][INFO] [REQUEST] Un usuario pide descargar un video con id -4Ovh-2MLUY
[08-01-2021 13:29:31][INFO] [ANALYTICS] Se guardan en bd los datos del url-- 5ff8502b1e8f5bbdfdd70ad3
    
[08-01-2021 13:29:53][INFO][REQUEST] Un usuario pide descargar la playlist con id PL4LrhaXTkx7LVWy22ejiYQViGsAHzoK92
[08-01-2021 13:29:54][INFO] [RESPONSE] Se devuelven los datos con la playlist con id PL4LrhaXTkx7LVWy22ejiYQViGsAHzoK92
    
[08-01-2021 13:29:54][INFO] [ANALYTICS] Se guardan en bd los datos de la ytPlaylist con id 5ff850421e8f5bbdfdd70ad4
    
[08-01-2021 13:29:58][INFO][REQUEST] Un usuario pide descargar un video con id -4Ovh-2MLUY
[08-01-2021 13:30:02][INFO][ANALYTICS] Se guardan en bd los datos del url -- 5ff8504a1e8f5bbdfdd70ad5
[08-01-2021 13:30:27][INFO][REQUEST] Un usuario pide descargar la playlist con id PL4LrhaXTkx7I_-YzeA66y_YauajQsp5aF
[08-01-2021 13:30:30][INFO] [RESPONSE] Se devuelven los datos con la playlist con id PL4LrhaXTkx7I_-YzeA66y_YauajQsp5aF
    
[08-01-2021 13:30:30][INFO] [ANALYTICS] Se guardan en bd los datos de la ytPlaylist con id 5ff850661e8f5bbdfdd70ad6
    
[08-01-2021 13:30:38][INFO] [REQUEST] Un usuario pide descargar un video con id YAuc-iQrf0Y
[08-01-2021 13:30:43][INFO] [ANALYTICS] Se guardan en bd los datos del url-- 5ff850731e8f5bbdfdd70ad7
    
[08-01-2021 13:30:47][INFO][REQUEST] Un usuario pide descargar un video con id YAuc-iQrf0Y
[08-01-2021 13:36:06][INFO][REQUEST] Un usuario pide descargar la playlist con id PL4LrhaXTkx7LVWy22ejiYQViGsAHzoK92
[08-01-2021 13:36:07][INFO] [RESPONSE] Se devuelven los datos con la playlist con id PL4LrhaXTkx7LVWy22ejiYQViGsAHzoK92
    
[08-01-2021 13:36:07][INFO] [ANALYTICS] Se guardan en bd los datos de la ytPlaylist con id 5ff851b743d402c6b3f1613d
    
[08-01-2021 13:36:42][INFO][REQUEST] Un usuario pide descargar un video con id OQg03YuS4iU
[08-01-2021 13:36:45][INFO][ANALYTICS] Se guardan en bd los datos del url -- 5ff851dd43d402c6b3f1613e
[08-01-2021 13:41:32][INFO][REQUEST] Un usuario pide descargar un video con id 5YVKk1S885A
[08-01-2021 13:41:35][INFO][ANALYTICS] Se guardan en bd los datos del url -- 5ff852fe1eb92bca0d867d5a
[08-01-2021 13:42:34][INFO][REQUEST] Un usuario pide descargar un video con id 5YVKk1S885A
[08-01-2021 13:42:36][INFO][ANALYTICS] Se guardan en bd los datos del url -- 5ff8533c1eb92bca0d867d5b
[08-01-2021 13:42:42][INFO] [REQUEST] Un usuario pide descargar un video con id suY2crZppcY
[08-01-2021 13:43:07][INFO][REQUEST] Un usuario pide descargar la playlist con id PL5wwzc4xIW_F1be-SFPsg4Tggrr0zC7cm
[08-01-2021 13:43:08][INFO] [RESPONSE] Se devuelven los datos con la playlist con id PL5wwzc4xIW_F1be-SFPsg4Tggrr0zC7cm
    
[08-01-2021 13:43:08][INFO] [ANALYTICS] Se guardan en bd los datos de la ytPlaylist con id 5ff8535c1eb92bca0d867d5c
    
[08-01-2021 13:43:16][INFO][REQUEST] Un usuario pide descargar un video con id qzE_lp8lbFk
[08-01-2021 13:43:19][INFO][ANALYTICS] Se guardan en bd los datos del url -- 5ff853671eb92bca0d867d5d
[08-01-2021 13:43:30][INFO] [REQUEST] Un usuario pide descargar un video con id sl6tRA41frA&t=1946s
[08-01-2021 13:43:32][INFO] [ANALYTICS] Se guardan en bd los datos del url-- 5ff853741eb92bca0d867d5e
    
[08-01-2021 13:43:41][INFO][REQUEST] Un usuario pide descargar la playlist con id PL5wwzc4xIW_F1be-SFPsg4Tggrr0zC7cm
[08-01-2021 13:43:42][INFO] [RESPONSE] Se devuelven los datos con la playlist con id PL5wwzc4xIW_F1be-SFPsg4Tggrr0zC7cm
    
[08-01-2021 13:43:42][INFO] [ANALYTICS] Se guardan en bd los datos de la ytPlaylist con id 5ff8537e1eb92bca0d867d5f
    
[08-01-2021 13:43:46][INFO][REQUEST] Un usuario pide descargar un video con id P-hNkuMwJgc
[08-01-2021 13:43:48][INFO][ANALYTICS] Se guardan en bd los datos del url -- 5ff853841eb92bca0d867d60
[08-01-2021 13:45:25][INFO] [REQUEST] Un usuario pide descargar un video con id -4Ovh-2MLUY
[08-01-2021 13:45:27][INFO] [ANALYTICS] Se guardan en bd los datos del url-- 5ff853e71eb92bca0d867d61
    
[08-01-2021 13:46:31][INFO] [REQUEST] Un usuario pide descargar un video con id -4Ovh-2MLUY
[08-01-2021 13:46:34][INFO] [ANALYTICS] Se guardan en bd los datos del url-- 5ff8542a794c09ce2d67e3b7
    
[08-01-2021 13:49:47][INFO][FILESYSTEM] se ha podido descargado correctamente el audio de yt con el id - -4Ovh-2MLUY
[08-01-2021 13:49:47][INFO][FILESYSTEM] Se ha elmininado el contenido del directorio ../public/files
[08-01-2021 14:20:36][INFO] [REQUEST] Un usuario pide descargar un video con id Kku4Y0M6oM4
[08-01-2021 14:21:20][INFO] [REQUEST] Un usuario pide descargar un video con id Kku4Y0M6oM4
[08-01-2021 14:21:27][INFO] [ANALYTICS] Se guardan en bd los datos del url-- 5ff85c57794c09ce2d67e3b8
    
[08-01-2021 14:21:38][INFO] [ANALYTICS] Se guardan en bd los datos del url-- 5ff85c62794c09ce2d67e3b9
    
[08-01-2021 14:23:42][INFO][REQUEST] Un usuario pide descargar un video con id mzvGb_VAqok&list=PL4LrhaXTkx7I_-YzeA66y_YauajQsp5aF&index=20
[08-01-2021 14:24:14][INFO][REQUEST] Un usuario pide descargar un video con id mzvGb_VAqok
[08-01-2021 14:24:18][INFO][FILESYSTEM] se ha podido descargado correctamente el audio de yt con el id - Kku4Y0M6oM4
[08-01-2021 14:24:18][INFO][FILESYSTEM] Se ha elmininado el contenido del directorio ../public/files
[08-01-2021 14:31:31][INFO][REQUEST] Un usuario pide descargar la playlist con id PLcxK05e4ELfopg7yfNdPyp4G1XWwUyp_l
[08-01-2021 14:31:39][INFO] [RESPONSE] Se devuelven los datos con la playlist con id PLcxK05e4ELfopg7yfNdPyp4G1XWwUyp_l
    
[08-01-2021 14:31:39][INFO] [ANALYTICS] Se guardan en bd los datos de la ytPlaylist con id 5ff85ebb794c09ce2d67e3ba
    
[08-01-2021 14:32:29][INFO][REQUEST] Un usuario pide descargar la playlist con id PL4LrhaXTkx7I_-YzeA66y_YauajQsp5aF
[08-01-2021 14:32:37][INFO] [RESPONSE] Se devuelven los datos con la playlist con id PL4LrhaXTkx7I_-YzeA66y_YauajQsp5aF
    
[08-01-2021 14:32:37][INFO] [ANALYTICS] Se guardan en bd los datos de la ytPlaylist con id 5ff85ef50bfe42e52adaa646
    
[08-01-2021 14:32:46][INFO][REQUEST] Un usuario pide descargar un video con id y8ADQ2q38ZI
[08-01-2021 14:34:44][INFO][REQUEST] Un usuario pide descargar la playlist con id PL5wwzc4xIW_F1be-SFPsg4Tggrr0zC7cm
[08-01-2021 14:34:52][INFO] [RESPONSE] Se devuelven los datos con la playlist con id PL5wwzc4xIW_F1be-SFPsg4Tggrr0zC7cm
    
[08-01-2021 14:34:52][INFO] [ANALYTICS] Se guardan en bd los datos de la ytPlaylist con id 5ff85f7c0bfe42e52adaa647
    
[08-01-2021 14:35:01][INFO][REQUEST] Un usuario pide descargar un video con id IEdJvmj06YA
[08-01-2021 14:35:36][INFO][ANALYTICS] Se guardan en bd los datos del url -- 5ff85fa80bfe42e52adaa648
[08-01-2021 14:38:09][INFO][REQUEST] Un usuario pide descargar un video con id ofwE8oaS5QY
[08-01-2021 14:38:35][INFO][ANALYTICS] Se guardan en bd los datos del url -- 5ff8605b0bfe42e52adaa649
[08-01-2021 14:38:46][INFO][REQUEST] Un usuario pide descargar la playlist con id PLcxK05e4ELfopg7yfNdPyp4G1XWwUyp_l
[08-01-2021 14:38:54][INFO] [RESPONSE] Se devuelven los datos con la playlist con id PLcxK05e4ELfopg7yfNdPyp4G1XWwUyp_l
    
[08-01-2021 14:38:54][INFO] [ANALYTICS] Se guardan en bd los datos de la ytPlaylist con id 5ff8606e0bfe42e52adaa64a
    
[08-01-2021 14:39:00][INFO][REQUEST] Un usuario pide descargar un video con id tJsCE58G7yw
[08-01-2021 14:39:26][INFO][ANALYTICS] Se guardan en bd los datos del url -- 5ff8608e0bfe42e52adaa64b
[08-01-2021 14:42:41][INFO][REQUEST] Un usuario pide descargar la playlist con id PLcxK05e4ELfopg7yfNdPyp4G1XWwUyp_l
[08-01-2021 14:42:49][INFO] [RESPONSE] Se devuelven los datos con la playlist con id PLcxK05e4ELfopg7yfNdPyp4G1XWwUyp_l
    
[08-01-2021 14:42:49][INFO] [ANALYTICS] Se guardan en bd los datos de la ytPlaylist con id 5ff861590bfe42e52adaa64c
    
[08-01-2021 14:42:53][INFO][REQUEST] Un usuario pide descargar un video con id DqX2NVTRSsA
[08-01-2021 14:43:20][INFO][ANALYTICS] Se guardan en bd los datos del url -- 5ff861780bfe42e52adaa64d
[08-01-2021 14:45:14][INFO][REQUEST] Un usuario pide descargar un video con id DqX2NVTRSsA
[08-01-2021 14:45:40][INFO][ANALYTICS] Se guardan en bd los datos del url -- 5ff862040bfe42e52adaa64e
[08-01-2021 15:07:22][INFO] [REQUEST] Un usuario pide descargar un video con id 3NY9Zk2MDHI
[08-01-2021 15:07:31][INFO] [ANALYTICS] Se guardan en bd los datos del url-- 5ff867230bfe42e52adaa64f
    
[08-01-2021 15:12:32][INFO][FILESYSTEM] se ha podido descargado correctamente el audio de yt con el id - 3NY9Zk2MDHI
[08-01-2021 15:12:32][INFO][FILESYSTEM] Se ha elmininado el contenido del directorio ../public/files
