[12-01-2021 12:35:00][INFO][REQUEST] Un usuario pide descargar la playlist con id PL4LrhaXTkx7LsRBwVu9f2UzxxNTfYOuHH
[12-01-2021 12:35:01][INFO] [RESPONSE] Se devuelven los datos con la playlist con id PL4LrhaXTkx7LsRBwVu9f2UzxxNTfYOuHH
    
[12-01-2021 12:35:01][INFO] [ANALYTICS] Se guardan en bd los datos de la ytPlaylist con id 5ffd8965801c1d2bf7ac8251
    
[12-01-2021 12:35:06][INFO][REQUEST] Un usuario pide descargar un video con id V5HLTYU9LPc
[12-01-2021 12:35:13][INFO][REQUEST] Un usuario pide descargar un video con id sS1w6Tiz-kY
[12-01-2021 12:35:52][INFO][REQUEST] Un usuario pide descargar la playlist con id PLVYn_qkpF1BmUWDAvk5xVjRvOyfR63v36
[12-01-2021 12:35:52][INFO] [RESPONSE] Se devuelven los datos con la playlist con id PLVYn_qkpF1BmUWDAvk5xVjRvOyfR63v36
    
[12-01-2021 12:35:52][INFO] [ANALYTICS] Se guardan en bd los datos de la ytPlaylist con id 5ffd8998801c1d2bf7ac8252
    
[12-01-2021 12:36:18][INFO][REQUEST] Un usuario pide descargar un video con id oRPiCEIaLTo
[12-01-2021 12:36:20][INFO][ANALYTICS] Se guardan en bd los datos del url -- 5ffd89b4801c1d2bf7ac8253
[12-01-2021 12:36:47][INFO][REQUEST] Un usuario pide descargar un video con id I6KYezL_d8w
[12-01-2021 12:36:49][INFO][ANALYTICS] Se guardan en bd los datos del url -- 5ffd89d1801c1d2bf7ac8254
[12-01-2021 12:37:11][INFO][REQUEST] Un usuario pide descargar un video con id b4GD_5pvWf0
[12-01-2021 12:37:13][INFO][ANALYTICS] Se guardan en bd los datos del url -- 5ffd89e9801c1d2bf7ac8255
[12-01-2021 12:37:40][INFO][REQUEST] Un usuario pide descargar un video con id iqnLkEIqWyw
[12-01-2021 12:37:42][INFO][ANALYTICS] Se guardan en bd los datos del url -- 5ffd8a06801c1d2bf7ac8256
[12-01-2021 12:38:04][INFO][REQUEST] Un usuario pide descargar un video con id 5YVKk1S885A
[12-01-2021 12:38:06][INFO][ANALYTICS] Se guardan en bd los datos del url -- 5ffd8a1e801c1d2bf7ac8257
[12-01-2021 12:38:11][INFO][REQUEST] Un usuario pide descargar un video con id 5YVKk1S885A
[12-01-2021 12:38:13][INFO][ANALYTICS] Se guardan en bd los datos del url -- 5ffd8a25801c1d2bf7ac8258
[12-01-2021 12:38:24][INFO][REQUEST] Un usuario pide descargar la playlist con id PL5wwzc4xIW_HuBqKIn2k6o5VKej8DKkbU
[12-01-2021 12:38:25][INFO] [RESPONSE] Se devuelven los datos con la playlist con id PL5wwzc4xIW_HuBqKIn2k6o5VKej8DKkbU
    
[12-01-2021 12:38:25][INFO] [ANALYTICS] Se guardan en bd los datos de la ytPlaylist con id 5ffd8a31801c1d2bf7ac8259
    
[12-01-2021 12:38:27][INFO][REQUEST] Un usuario pide descargar un video con id LBKZbRj8kIo
[12-01-2021 12:38:30][INFO][ANALYTICS] Se guardan en bd los datos del url -- 5ffd8a36801c1d2bf7ac825a
[12-01-2021 12:39:53][INFO][REQUEST] Un usuario pide descargar la playlist con id PL4LrhaXTkx7I_-YzeA66y_YauajQsp5aF
[12-01-2021 12:39:54][INFO] [RESPONSE] Se devuelven los datos con la playlist con id PL4LrhaXTkx7I_-YzeA66y_YauajQsp5aF
    
[12-01-2021 12:39:54][INFO] [ANALYTICS] Se guardan en bd los datos de la ytPlaylist con id 5ffd8a8a801c1d2bf7ac825b
    
[12-01-2021 12:40:01][INFO][REQUEST] Un usuario pide descargar un video con id ONq5VfMWRn8
[12-01-2021 12:40:12][INFO][REQUEST] Un usuario pide descargar la playlist con id PL5wwzc4xIW_HuBqKIn2k6o5VKej8DKkbU
[12-01-2021 12:40:13][INFO] [RESPONSE] Se devuelven los datos con la playlist con id PL5wwzc4xIW_HuBqKIn2k6o5VKej8DKkbU
    
[12-01-2021 12:40:13][INFO] [ANALYTICS] Se guardan en bd los datos de la ytPlaylist con id 5ffd8a9d801c1d2bf7ac825c
    
[12-01-2021 12:40:16][INFO][REQUEST] Un usuario pide descargar un video con id LBKZbRj8kIo
[12-01-2021 12:40:18][INFO][ANALYTICS] Se guardan en bd los datos del url -- 5ffd8aa2801c1d2bf7ac825d
[12-01-2021 12:41:08][INFO][REQUEST] Un usuario pide descargar la playlist con id PL4LrhaXTkx7I_-YzeA66y_YauajQsp5aF
[12-01-2021 12:41:08][INFO] [RESPONSE] Se devuelven los datos con la playlist con id PL4LrhaXTkx7I_-YzeA66y_YauajQsp5aF
    
[12-01-2021 12:41:08][INFO] [ANALYTICS] Se guardan en bd los datos de la ytPlaylist con id 5ffd8ad4801c1d2bf7ac825e
    
[12-01-2021 12:41:17][INFO][REQUEST] Un usuario pide descargar la playlist con id PL4LrhaXTkx7LVWy22ejiYQViGsAHzoK92
[12-01-2021 12:41:18][INFO] [RESPONSE] Se devuelven los datos con la playlist con id PL4LrhaXTkx7LVWy22ejiYQViGsAHzoK92
    
[12-01-2021 12:41:18][INFO] [ANALYTICS] Se guardan en bd los datos de la ytPlaylist con id 5ffd8ade801c1d2bf7ac825f
    
[12-01-2021 12:41:35][INFO][REQUEST] Un usuario pide descargar la playlist con id PL5wwzc4xIW_HuBqKIn2k6o5VKej8DKkbU
[12-01-2021 12:41:35][INFO] [RESPONSE] Se devuelven los datos con la playlist con id PL5wwzc4xIW_HuBqKIn2k6o5VKej8DKkbU
    
[12-01-2021 12:41:35][INFO] [ANALYTICS] Se guardan en bd los datos de la ytPlaylist con id 5ffd8aef801c1d2bf7ac8260
    
[12-01-2021 12:41:38][INFO][REQUEST] Un usuario pide descargar un video con id LBKZbRj8kIo
[12-01-2021 12:41:40][INFO][ANALYTICS] Se guardan en bd los datos del url -- 5ffd8af4801c1d2bf7ac8261
[12-01-2021 12:41:57][INFO][REQUEST] Un usuario pide descargar un video con id E083YIUKfxA
[12-01-2021 12:41:59][INFO][ANALYTICS] Se guardan en bd los datos del url -- 5ffd8b07801c1d2bf7ac8262
[12-01-2021 12:44:36][INFO] [REQUEST] Un usuario pide descargar un video con id 5YVKk1S885A
[12-01-2021 12:44:37][INFO] [ANALYTICS] Se guardan en bd los datos del url-- 5ffd8ba5801c1d2bf7ac8263
    
[12-01-2021 12:44:52][INFO][REQUEST] Un usuario pide descargar la playlist con id PLcxK05e4ELfopg7yfNdPyp4G1XWwUyp_l
[12-01-2021 12:44:52][INFO] [RESPONSE] Se devuelven los datos con la playlist con id PLcxK05e4ELfopg7yfNdPyp4G1XWwUyp_l
    
[12-01-2021 12:44:52][INFO] [ANALYTICS] Se guardan en bd los datos de la ytPlaylist con id 5ffd8bb4801c1d2bf7ac8264
    
[12-01-2021 12:44:56][INFO][REQUEST] Un usuario pide descargar un video con id obzKKEDVjso
[12-01-2021 12:44:58][INFO][ANALYTICS] Se guardan en bd los datos del url -- 5ffd8bba801c1d2bf7ac8265
[12-01-2021 12:45:55][INFO][REQUEST] Un usuario pide descargar la playlist con id PL4LrhaXTkx7I_-YzeA66y_YauajQsp5aF
[12-01-2021 12:45:55][INFO] [RESPONSE] Se devuelven los datos con la playlist con id PL4LrhaXTkx7I_-YzeA66y_YauajQsp5aF
    
[12-01-2021 12:45:55][INFO] [ANALYTICS] Se guardan en bd los datos de la ytPlaylist con id 5ffd8bf3801c1d2bf7ac8266
    
[12-01-2021 12:46:06][INFO][REQUEST] Un usuario pide descargar la playlist con id PL5wwzc4xIW_HuBqKIn2k6o5VKej8DKkbU
[12-01-2021 12:46:06][INFO] [RESPONSE] Se devuelven los datos con la playlist con id PL5wwzc4xIW_HuBqKIn2k6o5VKej8DKkbU
    
[12-01-2021 12:46:06][INFO] [ANALYTICS] Se guardan en bd los datos de la ytPlaylist con id 5ffd8bfe801c1d2bf7ac8267
    
[12-01-2021 12:46:10][INFO][REQUEST] Un usuario pide descargar un video con id AqwSYV5D4fw
[12-01-2021 12:46:12][INFO][ANALYTICS] Se guardan en bd los datos del url -- 5ffd8c04801c1d2bf7ac8268
[12-01-2021 12:47:51][INFO][REQUEST] Un usuario pide descargar la playlist con id PL5wwzc4xIW_HuBqKIn2k6o5VKej8DKkbU
[12-01-2021 12:47:52][INFO] [RESPONSE] Se devuelven los datos con la playlist con id PL5wwzc4xIW_HuBqKIn2k6o5VKej8DKkbU
    
[12-01-2021 12:47:52][INFO] [ANALYTICS] Se guardan en bd los datos de la ytPlaylist con id 5ffd8c68801c1d2bf7ac8269
    
[12-01-2021 12:47:55][INFO][REQUEST] Un usuario pide descargar un video con id LBKZbRj8kIo
[12-01-2021 12:47:57][INFO][ANALYTICS] Se guardan en bd los datos del url -- 5ffd8c6d801c1d2bf7ac826a
[12-01-2021 12:48:10][INFO][REQUEST] Un usuario pide descargar un video con id LBKZbRj8kIo
[12-01-2021 12:48:12][INFO][ANALYTICS] Se guardan en bd los datos del url -- 5ffd8c7c801c1d2bf7ac826b
[12-01-2021 12:48:29][INFO] [REQUEST] Un usuario pide descargar un video con id 5YVKk1S885A
[12-01-2021 12:48:31][INFO] [ANALYTICS] Se guardan en bd los datos del url-- 5ffd8c8f801c1d2bf7ac826c
    
[12-01-2021 12:48:37][INFO][REQUEST] Un usuario pide descargar un video con id 5YVKk1S885A
[12-01-2021 12:48:39][INFO][ANALYTICS] Se guardan en bd los datos del url -- 5ffd8c97801c1d2bf7ac826d
[12-01-2021 12:49:05][INFO][REQUEST] Un usuario pide descargar la playlist con id PL4LrhaXTkx7LVWy22ejiYQViGsAHzoK92
[12-01-2021 12:49:06][INFO] [RESPONSE] Se devuelven los datos con la playlist con id PL4LrhaXTkx7LVWy22ejiYQViGsAHzoK92
    
[12-01-2021 12:49:06][INFO] [ANALYTICS] Se guardan en bd los datos de la ytPlaylist con id 5ffd8cb2801c1d2bf7ac826e
    
[12-01-2021 12:52:58][INFO][REQUEST] Un usuario pide descargar la playlist con id PL5wwzc4xIW_HuBqKIn2k6o5VKej8DKkbU
[12-01-2021 12:52:59][INFO] [RESPONSE] Se devuelven los datos con la playlist con id PL5wwzc4xIW_HuBqKIn2k6o5VKej8DKkbU
    
[12-01-2021 12:52:59][INFO] [ANALYTICS] Se guardan en bd los datos de la ytPlaylist con id 5ffd8d9b63abb336dabf0efb
    
[12-01-2021 12:53:10][INFO][REQUEST] Un usuario pide descargar la playlist con id PL5wwzc4xIW_F1be-SFPsg4Tggrr0zC7cm
[12-01-2021 12:53:10][INFO] [RESPONSE] Se devuelven los datos con la playlist con id PL5wwzc4xIW_F1be-SFPsg4Tggrr0zC7cm
    
[12-01-2021 12:53:10][INFO] [ANALYTICS] Se guardan en bd los datos de la ytPlaylist con id 5ffd8da663abb336dabf0efc
    
[12-01-2021 12:53:18][INFO][REQUEST] Un usuario pide descargar la playlist con id PLVYn_qkpF1BmUWDAvk5xVjRvOyfR63v36
[12-01-2021 12:53:19][INFO] [RESPONSE] Se devuelven los datos con la playlist con id PLVYn_qkpF1BmUWDAvk5xVjRvOyfR63v36
    
[12-01-2021 12:53:19][INFO] [ANALYTICS] Se guardan en bd los datos de la ytPlaylist con id 5ffd8daf63abb336dabf0efd
    
[12-01-2021 12:53:22][INFO][REQUEST] Un usuario pide descargar un video con id oRPiCEIaLTo
[12-01-2021 12:53:24][INFO][ANALYTICS] Se guardan en bd los datos del url -- 5ffd8db463abb336dabf0efe
[12-01-2021 12:53:59][INFO][REQUEST] Un usuario pide descargar la playlist con id PL4LrhaXTkx7LsRBwVu9f2UzxxNTfYOuHH
[12-01-2021 12:54:00][INFO] [RESPONSE] Se devuelven los datos con la playlist con id PL4LrhaXTkx7LsRBwVu9f2UzxxNTfYOuHH
    
[12-01-2021 12:54:00][INFO] [ANALYTICS] Se guardan en bd los datos de la ytPlaylist con id 5ffd8dd863abb336dabf0eff
    
[12-01-2021 12:54:05][INFO][REQUEST] Un usuario pide descargar un video con id V5HLTYU9LPc
[12-01-2021 12:54:48][INFO][REQUEST] Un usuario pide descargar un video con id V5HLTYU9LPc
[12-01-2021 12:55:39][INFO][REQUEST] Un usuario pide descargar un video con id V5HLTYU9LPc
[12-01-2021 12:55:53][INFO][REQUEST] Un usuario pide descargar un video con id 1tI4grqOd20
[12-01-2021 12:56:45][INFO][REQUEST] Un usuario pide descargar un video con id 1tI4grqOd20
[12-01-2021 12:57:15][INFO][REQUEST] Un usuario pide descargar la playlist con id PL4LrhaXTkx7LsRBwVu9f2UzxxNTfYOuHH
[12-01-2021 12:57:15][INFO] [RESPONSE] Se devuelven los datos con la playlist con id PL4LrhaXTkx7LsRBwVu9f2UzxxNTfYOuHH
    
[12-01-2021 12:57:15][INFO] [ANALYTICS] Se guardan en bd los datos de la ytPlaylist con id 5ffd8e9b7e24b039d6754114
    
[12-01-2021 12:57:19][INFO][REQUEST] Un usuario pide descargar un video con id 1tI4grqOd20
[12-01-2021 12:57:21][INFO][ERROR] No se pudieron obtener los datos del video con id 1tI4grqOd20
[12-01-2021 12:59:01][INFO][REQUEST] Un usuario pide descargar un video con id 1tI4grqOd20
[12-01-2021 12:59:03][INFO][ERROR] No se pudieron obtener los datos del video con id 1tI4grqOd20
[12-01-2021 13:09:47][INFO][REQUEST] Un usuario pide descargar la playlist con id PL4LrhaXTkx7LsRBwVu9f2UzxxNTfYOuHH
[12-01-2021 13:09:47][INFO] [RESPONSE] Se devuelven los datos con la playlist con id PL4LrhaXTkx7LsRBwVu9f2UzxxNTfYOuHH
    
[12-01-2021 13:09:47][INFO] [ANALYTICS] Se guardan en bd los datos de la ytPlaylist con id 5ffd918b8fe6264240c5e3bf
    
[12-01-2021 13:09:51][INFO][REQUEST] Un usuario pide descargar un video con id V5HLTYU9LPc
[12-01-2021 13:10:18][INFO][REQUEST] Un usuario pide descargar un video con id V5HLTYU9LPc
[12-01-2021 13:10:33][INFO][REQUEST] Un usuario pide descargar un video con id V5HLTYU9LPc
[12-01-2021 13:11:02][INFO][REQUEST] Un usuario pide descargar la playlist con id PL4LrhaXTkx7LsRBwVu9f2UzxxNTfYOuHH
[12-01-2021 13:11:03][INFO] [RESPONSE] Se devuelven los datos con la playlist con id PL4LrhaXTkx7LsRBwVu9f2UzxxNTfYOuHH
    
[12-01-2021 13:11:03][INFO] [ANALYTICS] Se guardan en bd los datos de la ytPlaylist con id 5ffd91d7609c3d42e2ad54ea
    
[12-01-2021 13:11:07][INFO][REQUEST] Un usuario pide descargar un video con id V5HLTYU9LPc
[12-01-2021 13:11:09][INFO][ERROR] No se pudieron obtener los datos del video con id V5HLTYU9LPc
[12-01-2021 13:12:07][INFO][REQUEST] Un usuario pide descargar un video con id V5HLTYU9LPc
[12-01-2021 13:12:09][INFO][ERROR] No se pudieron obtener los datos del video con id V5HLTYU9LPc
[12-01-2021 13:12:58][INFO][REQUEST] Un usuario pide descargar un video con id 1tI4grqOd20
[12-01-2021 13:13:01][INFO][ERROR] No se pudieron obtener los datos del video con id 1tI4grqOd20
[12-01-2021 13:14:55][INFO][REQUEST] Un usuario pide descargar la playlist con id PL4LrhaXTkx7LsRBwVu9f2UzxxNTfYOuHH
[12-01-2021 13:14:56][INFO] [RESPONSE] Se devuelven los datos con la playlist con id PL4LrhaXTkx7LsRBwVu9f2UzxxNTfYOuHH
    
[12-01-2021 13:14:56][INFO] [ANALYTICS] Se guardan en bd los datos de la ytPlaylist con id 5ffd92c0e93571458b8205ec
    
[12-01-2021 13:15:05][INFO][REQUEST] Un usuario pide descargar un video con id V5HLTYU9LPc
[12-01-2021 13:15:07][INFO][ERROR] No se pudieron obtener los datos del video con id V5HLTYU9LPc
[12-01-2021 13:17:10][INFO][REQUEST] Un usuario pide descargar la playlist con id PL4LrhaXTkx7LsRBwVu9f2UzxxNTfYOuHH
[12-01-2021 13:17:11][INFO] [RESPONSE] Se devuelven los datos con la playlist con id PL4LrhaXTkx7LsRBwVu9f2UzxxNTfYOuHH
    
[12-01-2021 13:17:11][INFO] [ANALYTICS] Se guardan en bd los datos de la ytPlaylist con id 5ffd93475c87e746ca0e2a96
    
[12-01-2021 13:17:14][INFO][REQUEST] Un usuario pide descargar un video con id V5HLTYU9LPc
[12-01-2021 13:17:16][INFO][ERROR] No se pudieron obtener los datos del video con id V5HLTYU9LPc
[12-01-2021 13:26:25][INFO][REQUEST] Un usuario pide descargar la playlist con id PL4LrhaXTkx7LsRBwVu9f2UzxxNTfYOuHH
[12-01-2021 13:26:26][INFO] [RESPONSE] Se devuelven los datos con la playlist con id PL4LrhaXTkx7LsRBwVu9f2UzxxNTfYOuHH
    
[12-01-2021 13:26:26][INFO] [ANALYTICS] Se guardan en bd los datos de la ytPlaylist con id 5ffd957200eaaf4aec07d315
    
[12-01-2021 13:26:28][INFO][REQUEST] Un usuario pide descargar un video con id V5HLTYU9LPc
[12-01-2021 13:26:30][INFO][ERROR] No se pudieron obtener los datos del video con id V5HLTYU9LPc
[12-01-2021 13:32:27][INFO][REQUEST] Un usuario pide descargar un video con id V5HLTYU9LPc
[12-01-2021 13:32:29][INFO][ERROR] No se pudieron obtener los datos del video con id V5HLTYU9LPc
[12-01-2021 13:34:43][INFO][REQUEST] Un usuario pide descargar un video con id V5HLTYU9LPc
[12-01-2021 13:34:46][INFO][ERROR] No se pudieron obtener los datos del video con id V5HLTYU9LPc
[12-01-2021 13:43:21][INFO][REQUEST] Un usuario pide descargar la playlist con id PL4LrhaXTkx7LsRBwVu9f2UzxxNTfYOuHH
[12-01-2021 13:43:21][INFO] [RESPONSE] Se devuelven los datos con la playlist con id PL4LrhaXTkx7LsRBwVu9f2UzxxNTfYOuHH
    
[12-01-2021 13:43:21][INFO] [ANALYTICS] Se guardan en bd los datos de la ytPlaylist con id 5ffd99690c4d4053f28b195f
    
[12-01-2021 13:43:24][INFO][REQUEST] Un usuario pide descargar un video con id V5HLTYU9LPc
[12-01-2021 13:43:27][INFO][ANALYTICS] Se guardan en bd los datos del url -- 5ffd996f0c4d4053f28b1960
[12-01-2021 13:45:28][INFO][REQUEST] Un usuario pide descargar un video con id V5HLTYU9LPc
[12-01-2021 13:45:32][INFO][ANALYTICS] Se guardan en bd los datos del url -- 5ffd99ecc37bf5563e08d798
[12-01-2021 13:48:39][INFO][REQUEST] Un usuario pide descargar la playlist con id PL4LrhaXTkx7LsRBwVu9f2UzxxNTfYOuHH
[12-01-2021 13:48:40][INFO] [RESPONSE] Se devuelven los datos con la playlist con id PL4LrhaXTkx7LsRBwVu9f2UzxxNTfYOuHH
    
[12-01-2021 13:48:40][INFO] [ANALYTICS] Se guardan en bd los datos de la ytPlaylist con id 5ffd9aa8b7023d5822c8f0b9
    
[12-01-2021 13:48:43][INFO][REQUEST] Un usuario pide descargar un video con id V5HLTYU9LPc
[12-01-2021 13:48:46][INFO][ERROR] No se pudieron obtener los datos del video con id V5HLTYU9LPc
[12-01-2021 13:49:21][INFO][REQUEST] Un usuario pide descargar un video con id V5HLTYU9LPc
[12-01-2021 13:49:23][INFO][ERROR] No se pudieron obtener los datos del video con id V5HLTYU9LPc
[12-01-2021 13:50:15][INFO][REQUEST] Un usuario pide descargar un video con id 1tI4grqOd20
[12-01-2021 13:50:18][INFO][ERROR] No se pudieron obtener los datos del video con id 1tI4grqOd20
[12-01-2021 13:52:01][INFO][REQUEST] Un usuario pide descargar un video con id 1tI4grqOd20
[12-01-2021 13:52:04][INFO][ERROR] No se pudieron obtener los datos del video con id 1tI4grqOd20
[12-01-2021 13:55:48][INFO][REQUEST] Un usuario pide descargar un video con id 1tI4grqOd20
[12-01-2021 13:55:52][INFO][ANALYTICS] Se guardan en bd los datos del url -- 5ffd9c58c9199c5bbdf4bb39
[12-01-2021 13:56:28][INFO][REQUEST] Un usuario pide descargar la playlist con id PL4LrhaXTkx7LsRBwVu9f2UzxxNTfYOuHH
[12-01-2021 13:56:29][INFO] [RESPONSE] Se devuelven los datos con la playlist con id PL4LrhaXTkx7LsRBwVu9f2UzxxNTfYOuHH
    
[12-01-2021 13:56:29][INFO] [ANALYTICS] Se guardan en bd los datos de la ytPlaylist con id 5ffd9c7d467efd5bf7de38b1
    
[12-01-2021 13:56:31][INFO][REQUEST] Un usuario pide descargar un video con id V5HLTYU9LPc
[12-01-2021 13:56:34][INFO][ANALYTICS] Se guardan en bd los datos del url -- 5ffd9c82467efd5bf7de38b2
[12-01-2021 14:02:06][INFO][REQUEST] Un usuario pide descargar un video con id TqC3e8nBycg
[12-01-2021 14:02:08][INFO][ANALYTICS] Se guardan en bd los datos del url -- 5ffd9dd03681a05dfff75348
[12-01-2021 14:02:42][INFO][REQUEST] Un usuario pide descargar un video con id V5HLTYU9LPc
[12-01-2021 14:02:45][INFO][ERROR] No se pudieron obtener los datos del video con id V5HLTYU9LPc
[12-01-2021 14:03:33][INFO][REQUEST] Un usuario pide descargar un video con id V5HLTYU9LPc
[12-01-2021 14:03:36][INFO][ERROR] No se pudieron obtener los datos del video con id V5HLTYU9LPc
[12-01-2021 14:04:15][INFO][REQUEST] Un usuario pide descargar la playlist con id PL4LrhaXTkx7LsRBwVu9f2UzxxNTfYOuHH
[12-01-2021 14:04:15][INFO] [RESPONSE] Se devuelven los datos con la playlist con id PL4LrhaXTkx7LsRBwVu9f2UzxxNTfYOuHH
    
[12-01-2021 14:04:15][INFO] [ANALYTICS] Se guardan en bd los datos de la ytPlaylist con id 5ffd9e4ff752145f7972fdf5
    
[12-01-2021 14:04:17][INFO][REQUEST] Un usuario pide descargar un video con id V5HLTYU9LPc
[12-01-2021 14:04:20][INFO][ERROR] No se pudieron obtener los datos del video con id V5HLTYU9LPc
[12-01-2021 14:05:02][INFO][REQUEST] Un usuario pide descargar un video con id TqC3e8nBycg
[12-01-2021 14:05:04][INFO][ANALYTICS] Se guardan en bd los datos del url -- 5ffd9e80f752145f7972fdf6
[12-01-2021 14:07:55][INFO][REQUEST] Un usuario pide descargar un video con id TqC3e8nBycg
[12-01-2021 14:07:57][INFO][ANALYTICS] Se guardan en bd los datos del url -- 5ffd9f2d0ccb28611046fb58
[12-01-2021 14:12:08][INFO][REQUEST] Un usuario pide descargar un video con id V5HLTYU9LPc
[12-01-2021 14:12:11][INFO][ERROR] No se pudieron obtener los datos del video con id V5HLTYU9LPc
[12-01-2021 14:13:54][INFO][REQUEST] Un usuario pide descargar un video con id V5HLTYU9LPc
[12-01-2021 14:13:56][INFO][ERROR] No se pudieron obtener los datos del video con id V5HLTYU9LPc
[12-01-2021 14:15:25][INFO][REQUEST] Un usuario pide descargar un video con id V5HLTYU9LPc
[12-01-2021 14:15:27][INFO][ERROR] No se pudieron obtener los datos del video con id V5HLTYU9LPc
[12-01-2021 14:16:52][INFO][REQUEST] Un usuario pide descargar un video con id V5HLTYU9LPc
[12-01-2021 14:16:55][INFO][ERROR] No se pudieron obtener los datos del video con id V5HLTYU9LPc
[12-01-2021 14:17:17][INFO][REQUEST] Un usuario pide descargar un video con id V5HLTYU9LPc
[12-01-2021 14:17:20][INFO][ERROR] No se pudieron obtener los datos del video con id V5HLTYU9LPc
[12-01-2021 14:17:58][INFO][REQUEST] Un usuario pide descargar un video con id V5HLTYU9LPc
[12-01-2021 14:18:01][INFO][ERROR] No se pudieron obtener los datos del video con id V5HLTYU9LPc
[12-01-2021 14:18:24][INFO][REQUEST] Un usuario pide descargar un video con id V5HLTYU9LPc
[12-01-2021 14:18:27][INFO][ERROR] No se pudieron obtener los datos del video con id V5HLTYU9LPc
[12-01-2021 14:23:32][INFO][REQUEST] Un usuario pide descargar la playlist con id PL4LrhaXTkx7LsRBwVu9f2UzxxNTfYOuHH
[12-01-2021 14:23:33][INFO] [RESPONSE] Se devuelven los datos con la playlist con id PL4LrhaXTkx7LsRBwVu9f2UzxxNTfYOuHH
    
[12-01-2021 14:23:33][INFO] [ANALYTICS] Se guardan en bd los datos de la ytPlaylist con id 5ffda2d5ea83856a8e372c37
    
[12-01-2021 14:23:35][INFO][REQUEST] Un usuario pide descargar un video con id V5HLTYU9LPc
[12-01-2021 14:23:38][INFO][ERROR] No se pudieron obtener los datos del video con id V5HLTYU9LPc
[12-01-2021 14:24:11][INFO][REQUEST] Un usuario pide descargar un video con id V5HLTYU9LPc
[12-01-2021 14:24:14][INFO][ERROR] No se pudieron obtener los datos del video con id V5HLTYU9LPc
[12-01-2021 14:24:50][INFO][REQUEST] Un usuario pide descargar un video con id V5HLTYU9LPc
[12-01-2021 14:24:53][INFO][ERROR] No se pudieron obtener los datos del video con id V5HLTYU9LPc
[12-01-2021 14:24:59][INFO][REQUEST] Un usuario pide descargar un video con id V5HLTYU9LPc
[12-01-2021 14:25:02][INFO][ERROR] No se pudieron obtener los datos del video con id V5HLTYU9LPc
[12-01-2021 14:25:22][INFO][REQUEST] Un usuario pide descargar un video con id V5HLTYU9LPc
[12-01-2021 14:25:25][INFO][ERROR] No se pudieron obtener los datos del video con id V5HLTYU9LPc
[12-01-2021 14:25:49][INFO][REQUEST] Un usuario pide descargar un video con id V5HLTYU9LPc
[12-01-2021 14:25:52][INFO][ERROR] No se pudieron obtener los datos del video con id V5HLTYU9LPc
[12-01-2021 14:26:11][INFO][REQUEST] Un usuario pide descargar un video con id V5HLTYU9LPc
[12-01-2021 14:27:33][INFO][REQUEST] Un usuario pide descargar la playlist con id PL4LrhaXTkx7I_-YzeA66y_YauajQsp5aF
[12-01-2021 14:27:33][INFO] [RESPONSE] Se devuelven los datos con la playlist con id PL4LrhaXTkx7I_-YzeA66y_YauajQsp5aF
    
[12-01-2021 14:27:33][INFO] [ANALYTICS] Se guardan en bd los datos de la ytPlaylist con id 5ffda3c5dee0a76d65aff739
    
[12-01-2021 14:27:41][INFO][REQUEST] Un usuario pide descargar la playlist con id PL5wwzc4xIW_F1be-SFPsg4Tggrr0zC7cm
[12-01-2021 14:27:41][INFO] [RESPONSE] Se devuelven los datos con la playlist con id PL5wwzc4xIW_F1be-SFPsg4Tggrr0zC7cm
    
[12-01-2021 14:27:41][INFO] [ANALYTICS] Se guardan en bd los datos de la ytPlaylist con id 5ffda3cddee0a76d65aff73a
    
[12-01-2021 14:27:43][INFO][REQUEST] Un usuario pide descargar un video con id P-hNkuMwJgc
[12-01-2021 14:27:45][INFO][ANALYTICS] Se guardan en bd los datos del url -- 5ffda3d1dee0a76d65aff73b
[12-01-2021 14:34:26][INFO][REQUEST] Un usuario pide descargar un video con id P-hNkuMwJgc
[12-01-2021 14:34:28][INFO][ANALYTICS] Se guardan en bd los datos del url -- 5ffda564c8c7ad7075c03c03
[12-01-2021 14:34:35][INFO][REQUEST] Un usuario pide descargar la playlist con id PL4LrhaXTkx7LsRBwVu9f2UzxxNTfYOuHH
[12-01-2021 14:34:35][INFO] [RESPONSE] Se devuelven los datos con la playlist con id PL4LrhaXTkx7LsRBwVu9f2UzxxNTfYOuHH
    
[12-01-2021 14:34:35][INFO] [ANALYTICS] Se guardan en bd los datos de la ytPlaylist con id 5ffda56bc8c7ad7075c03c04
    
[12-01-2021 14:34:39][INFO][REQUEST] Un usuario pide descargar un video con id V5HLTYU9LPc
[12-01-2021 14:34:42][INFO][ANALYTICS] Se guardan en bd los datos del url -- 5ffda572c8c7ad7075c03c05
[12-01-2021 14:34:58][INFO][REQUEST] Un usuario pide descargar un video con id 1tI4grqOd20
[12-01-2021 14:35:01][INFO][ANALYTICS] Se guardan en bd los datos del url -- 5ffda585c8c7ad7075c03c06
[12-01-2021 14:36:22][INFO][REQUEST] Un usuario pide descargar un video con id TqC3e8nBycg
[12-01-2021 14:36:24][INFO][ANALYTICS] Se guardan en bd los datos del url -- 5ffda5d843d25d7180714913
[12-01-2021 14:37:18][INFO][REQUEST] Un usuario pide descargar un video con id sS1w6Tiz-kY
[12-01-2021 14:37:22][INFO][ANALYTICS] Se guardan en bd los datos del url -- 5ffda6122af112722853c1cd
[12-01-2021 14:42:01][INFO][REQUEST] Un usuario pide descargar la playlist con id PL4LrhaXTkx7LsRBwVu9f2UzxxNTfYOuHH
[12-01-2021 14:42:01][INFO] [RESPONSE] Se devuelven los datos con la playlist con id PL4LrhaXTkx7LsRBwVu9f2UzxxNTfYOuHH
    
[12-01-2021 14:42:01][INFO] [ANALYTICS] Se guardan en bd los datos de la ytPlaylist con id 5ffda729550a1a73b6cdc862
    
[12-01-2021 14:42:06][INFO][REQUEST] Un usuario pide descargar un video con id V5HLTYU9LPc
[12-01-2021 14:42:09][INFO][ANALYTICS] Se guardan en bd los datos del url -- 5ffda731550a1a73b6cdc863
[12-01-2021 14:43:45][INFO][REQUEST] Un usuario pide descargar la playlist con id PL4LrhaXTkx7LsRBwVu9f2UzxxNTfYOuHH
[12-01-2021 14:43:45][INFO] [RESPONSE] Se devuelven los datos con la playlist con id PL4LrhaXTkx7LsRBwVu9f2UzxxNTfYOuHH
    
[12-01-2021 14:43:45][INFO] [ANALYTICS] Se guardan en bd los datos de la ytPlaylist con id 5ffda7917d5e86753c2367d4
    
[12-01-2021 14:43:48][INFO][REQUEST] Un usuario pide descargar un video con id V5HLTYU9LPc
[12-01-2021 14:43:51][INFO][ERROR] No se guardan en bd los datos del url -- http://www.youtube.com/watch?v=V5HLTYU9LPc
[12-01-2021 14:44:37][INFO][REQUEST] Un usuario pide descargar un video con id V5HLTYU9LPc
[12-01-2021 14:44:40][INFO][ERROR] No se guardan en bd los datos del url -- http://www.youtube.com/watch?v=V5HLTYU9LPc
[12-01-2021 14:45:55][INFO][REQUEST] Un usuario pide descargar la playlist con id PL4LrhaXTkx7LsRBwVu9f2UzxxNTfYOuHH
[12-01-2021 14:45:56][INFO] [RESPONSE] Se devuelven los datos con la playlist con id PL4LrhaXTkx7LsRBwVu9f2UzxxNTfYOuHH
    
[12-01-2021 14:45:56][INFO] [ANALYTICS] Se guardan en bd los datos de la ytPlaylist con id 5ffda81491b82b76df87338c
    
[12-01-2021 14:46:00][INFO][REQUEST] Un usuario pide descargar un video con id V5HLTYU9LPc
[12-01-2021 14:46:03][INFO][ANALYTICS] Se guardan en bd los datos del url -- 5ffda81b91b82b76df87338d
[12-01-2021 14:49:44][INFO][REQUEST] Un usuario pide descargar la playlist con id PL4LrhaXTkx7LsRBwVu9f2UzxxNTfYOuHH
[12-01-2021 14:49:44][INFO] [RESPONSE] Se devuelven los datos con la playlist con id PL4LrhaXTkx7LsRBwVu9f2UzxxNTfYOuHH
    
[12-01-2021 14:49:44][INFO] [ANALYTICS] Se guardan en bd los datos de la ytPlaylist con id 5ffda8f834910678a6d5b4b7
    
[12-01-2021 14:49:49][INFO][REQUEST] Un usuario pide descargar un video con id V5HLTYU9LPc
[12-01-2021 14:49:53][INFO][ANALYTICS] Se guardan en bd los datos del url -- 5ffda90134910678a6d5b4b8
[12-01-2021 14:51:35][INFO][REQUEST] Un usuario pide descargar la playlist con id PL4LrhaXTkx7I_-YzeA66y_YauajQsp5aF
[12-01-2021 14:51:35][INFO] [RESPONSE] Se devuelven los datos con la playlist con id PL4LrhaXTkx7I_-YzeA66y_YauajQsp5aF
    
[12-01-2021 14:51:35][INFO] [ANALYTICS] Se guardan en bd los datos de la ytPlaylist con id 5ffda967c9015d796232540f
    
[12-01-2021 14:51:50][INFO][REQUEST] Un usuario pide descargar un video con id VmABARUzkJU
[12-01-2021 14:51:53][INFO][ANALYTICS] Se guardan en bd los datos del url -- 5ffda979c9015d7962325410
[12-01-2021 14:52:10][INFO][REQUEST] Un usuario pide descargar un video con id Tq10LjOKMnA
[12-01-2021 14:52:14][INFO][ANALYTICS] Se guardan en bd los datos del url -- 5ffda98ec9015d7962325411
[12-01-2021 15:05:17][INFO][REQUEST] Un usuario pide descargar la playlist con id PL4LrhaXTkx7I_-YzeA66y_YauajQsp5aF
[12-01-2021 15:05:18][INFO] [RESPONSE] Se devuelven los datos con la playlist con id PL4LrhaXTkx7I_-YzeA66y_YauajQsp5aF
    
[12-01-2021 15:05:18][INFO] [ANALYTICS] Se guardan en bd los datos de la ytPlaylist con id 5ffdac9e0c12287a1461d65e
    
[12-01-2021 15:05:20][INFO][REQUEST] Un usuario pide descargar un video con id ONq5VfMWRn8
[12-01-2021 15:05:24][INFO][ANALYTICS] Se guardan en bd los datos del url -- 5ffdaca40c12287a1461d65f
[12-01-2021 15:05:41][INFO][REQUEST] Un usuario pide descargar un video con id ofwE8oaS5QY
[12-01-2021 15:05:43][INFO][ANALYTICS] Se guardan en bd los datos del url -- 5ffdacb70c12287a1461d660
[12-01-2021 15:05:57][INFO][REQUEST] Un usuario pide descargar la playlist con id PL4LrhaXTkx7I_-YzeA66y_YauajQsp5aF
[12-01-2021 15:05:58][INFO] [RESPONSE] Se devuelven los datos con la playlist con id PL4LrhaXTkx7I_-YzeA66y_YauajQsp5aF
    
[12-01-2021 15:05:58][INFO] [ANALYTICS] Se guardan en bd los datos de la ytPlaylist con id 5ffdacc60c12287a1461d661
    
[12-01-2021 15:06:03][INFO][REQUEST] Un usuario pide descargar la playlist con id PL5wwzc4xIW_HuBqKIn2k6o5VKej8DKkbU
[12-01-2021 15:06:03][INFO] [RESPONSE] Se devuelven los datos con la playlist con id PL5wwzc4xIW_HuBqKIn2k6o5VKej8DKkbU
    
[12-01-2021 15:06:03][INFO] [ANALYTICS] Se guardan en bd los datos de la ytPlaylist con id 5ffdaccb0c12287a1461d662
    
[12-01-2021 15:06:05][INFO][REQUEST] Un usuario pide descargar un video con id LBKZbRj8kIo
[12-01-2021 15:06:07][INFO][ANALYTICS] Se guardan en bd los datos del url -- 5ffdaccf0c12287a1461d663
[12-01-2021 15:08:52][INFO][REQUEST] Un usuario pide descargar la playlist con id PLcxK05e4ELfopg7yfNdPyp4G1XWwUyp_l
[12-01-2021 15:08:52][INFO] [RESPONSE] Se devuelven los datos con la playlist con id PLcxK05e4ELfopg7yfNdPyp4G1XWwUyp_l
    
[12-01-2021 15:08:52][INFO] [ANALYTICS] Se guardan en bd los datos de la ytPlaylist con id 5ffdad740c12287a1461d664
    
[12-01-2021 15:08:54][INFO][REQUEST] Un usuario pide descargar un video con id DqX2NVTRSsA
[12-01-2021 15:08:56][INFO][ANALYTICS] Se guardan en bd los datos del url -- 5ffdad780c12287a1461d665
[12-01-2021 15:09:14][INFO][REQUEST] Un usuario pide descargar la playlist con id PL4LrhaXTkx7I_-YzeA66y_YauajQsp5aF
[12-01-2021 15:09:14][INFO] [RESPONSE] Se devuelven los datos con la playlist con id PL4LrhaXTkx7I_-YzeA66y_YauajQsp5aF
    
[12-01-2021 15:09:14][INFO] [ANALYTICS] Se guardan en bd los datos de la ytPlaylist con id 5ffdad8a0c12287a1461d666
    
[12-01-2021 15:09:16][INFO][REQUEST] Un usuario pide descargar un video con id ONq5VfMWRn8
[12-01-2021 15:09:20][INFO][ANALYTICS] Se guardan en bd los datos del url -- 5ffdad900c12287a1461d667
[12-01-2021 15:10:57][INFO][REQUEST] Un usuario pide descargar la playlist con id PL4LrhaXTkx7I_-YzeA66y_YauajQsp5aF
[12-01-2021 15:10:58][INFO] [RESPONSE] Se devuelven los datos con la playlist con id PL4LrhaXTkx7I_-YzeA66y_YauajQsp5aF
    
[12-01-2021 15:10:58][INFO] [ANALYTICS] Se guardan en bd los datos de la ytPlaylist con id 5ffdadf20c12287a1461d668
    
[12-01-2021 15:11:01][INFO][REQUEST] Un usuario pide descargar un video con id ONq5VfMWRn8
[12-01-2021 15:11:04][INFO][ANALYTICS] Se guardan en bd los datos del url -- 5ffdadf80c12287a1461d669
[12-01-2021 15:12:25][INFO][REQUEST] Un usuario pide descargar la playlist con id PL4LrhaXTkx7I_-YzeA66y_YauajQsp5aF
[12-01-2021 15:12:25][INFO] [RESPONSE] Se devuelven los datos con la playlist con id PL4LrhaXTkx7I_-YzeA66y_YauajQsp5aF
    
[12-01-2021 15:12:25][INFO] [ANALYTICS] Se guardan en bd los datos de la ytPlaylist con id 5ffdae490c12287a1461d66a
    
[12-01-2021 15:12:27][INFO][REQUEST] Un usuario pide descargar un video con id ONq5VfMWRn8
[12-01-2021 15:12:32][INFO][ANALYTICS] Se guardan en bd los datos del url -- 5ffdae500c12287a1461d66b
[12-01-2021 15:13:17][INFO][REQUEST] Un usuario pide descargar la playlist con id PL4LrhaXTkx7I_-YzeA66y_YauajQsp5aF
[12-01-2021 15:13:17][INFO] [RESPONSE] Se devuelven los datos con la playlist con id PL4LrhaXTkx7I_-YzeA66y_YauajQsp5aF
    
[12-01-2021 15:13:17][INFO] [ANALYTICS] Se guardan en bd los datos de la ytPlaylist con id 5ffdae7d0c12287a1461d66c
    
[12-01-2021 15:13:19][INFO][REQUEST] Un usuario pide descargar un video con id ONq5VfMWRn8
[12-01-2021 15:13:23][INFO][ANALYTICS] Se guardan en bd los datos del url -- 5ffdae830c12287a1461d66d
[12-01-2021 15:13:55][INFO][REQUEST] Un usuario pide descargar la playlist con id PL4LrhaXTkx7I_-YzeA66y_YauajQsp5aF
[12-01-2021 15:13:56][INFO] [RESPONSE] Se devuelven los datos con la playlist con id PL4LrhaXTkx7I_-YzeA66y_YauajQsp5aF
    
[12-01-2021 15:13:56][INFO] [ANALYTICS] Se guardan en bd los datos de la ytPlaylist con id 5ffdaea40c12287a1461d66e
    
[12-01-2021 15:13:57][INFO][REQUEST] Un usuario pide descargar un video con id ONq5VfMWRn8
[12-01-2021 15:14:01][INFO][ANALYTICS] Se guardan en bd los datos del url -- 5ffdaea90c12287a1461d66f
[12-01-2021 15:14:39][INFO][REQUEST] Un usuario pide descargar la playlist con id PL4LrhaXTkx7I_-YzeA66y_YauajQsp5aF
[12-01-2021 15:14:39][INFO] [RESPONSE] Se devuelven los datos con la playlist con id PL4LrhaXTkx7I_-YzeA66y_YauajQsp5aF
    
[12-01-2021 15:14:39][INFO] [ANALYTICS] Se guardan en bd los datos de la ytPlaylist con id 5ffdaecf0c12287a1461d670
    
[12-01-2021 15:14:42][INFO][REQUEST] Un usuario pide descargar un video con id ONq5VfMWRn8
[12-01-2021 15:14:45][INFO][ANALYTICS] Se guardan en bd los datos del url -- 5ffdaed50c12287a1461d671
[12-01-2021 15:14:52][INFO][REQUEST] Un usuario pide descargar la playlist con id PL5wwzc4xIW_F1be-SFPsg4Tggrr0zC7cm
[12-01-2021 15:14:52][INFO] [RESPONSE] Se devuelven los datos con la playlist con id PL5wwzc4xIW_F1be-SFPsg4Tggrr0zC7cm
    
[12-01-2021 15:14:52][INFO] [ANALYTICS] Se guardan en bd los datos de la ytPlaylist con id 5ffdaedc0c12287a1461d672
    
[12-01-2021 15:14:55][INFO][REQUEST] Un usuario pide descargar un video con id P-hNkuMwJgc
[12-01-2021 15:14:58][INFO][ANALYTICS] Se guardan en bd los datos del url -- 5ffdaee20c12287a1461d673
[12-01-2021 15:16:20][INFO][REQUEST] Un usuario pide descargar la playlist con id PL4LrhaXTkx7I_-YzeA66y_YauajQsp5aF
[12-01-2021 15:16:21][INFO] [RESPONSE] Se devuelven los datos con la playlist con id PL4LrhaXTkx7I_-YzeA66y_YauajQsp5aF
    
[12-01-2021 15:16:21][INFO] [ANALYTICS] Se guardan en bd los datos de la ytPlaylist con id 5ffdaf35becd938caad4a170
    
[12-01-2021 15:16:26][INFO][REQUEST] Un usuario pide descargar un video con id ONq5VfMWRn8
[12-01-2021 15:16:30][INFO][ANALYTICS] Se guardan en bd los datos del url -- 5ffdaf3ebecd938caad4a171
[12-01-2021 15:18:58][INFO][REQUEST] Un usuario pide descargar la playlist con id PL4LrhaXTkx7I_-YzeA66y_YauajQsp5aF
[12-01-2021 15:18:59][INFO] [RESPONSE] Se devuelven los datos con la playlist con id PL4LrhaXTkx7I_-YzeA66y_YauajQsp5aF
    
[12-01-2021 15:18:59][INFO] [ANALYTICS] Se guardan en bd los datos de la ytPlaylist con id 5ffdafd3becd938caad4a172
    
[12-01-2021 15:19:03][INFO][REQUEST] Un usuario pide descargar la playlist con id PLcxK05e4ELfopg7yfNdPyp4G1XWwUyp_l
[12-01-2021 15:19:03][INFO] [RESPONSE] Se devuelven los datos con la playlist con id PLcxK05e4ELfopg7yfNdPyp4G1XWwUyp_l
    
[12-01-2021 15:19:03][INFO] [ANALYTICS] Se guardan en bd los datos de la ytPlaylist con id 5ffdafd7becd938caad4a173
    
[12-01-2021 15:19:05][INFO][REQUEST] Un usuario pide descargar un video con id DqX2NVTRSsA
[12-01-2021 15:19:08][INFO][ANALYTICS] Se guardan en bd los datos del url -- 5ffdafdcbecd938caad4a174
[12-01-2021 15:23:49][INFO][REQUEST] Un usuario pide descargar la playlist con id PL4LrhaXTkx7I_-YzeA66y_YauajQsp5aF
[12-01-2021 15:23:50][INFO] [RESPONSE] Se devuelven los datos con la playlist con id PL4LrhaXTkx7I_-YzeA66y_YauajQsp5aF
    
[12-01-2021 15:23:50][INFO] [ANALYTICS] Se guardan en bd los datos de la ytPlaylist con id 5ffdb0f6becd938caad4a175
    
[12-01-2021 15:23:51][INFO][REQUEST] Un usuario pide descargar un video con id ONq5VfMWRn8
[12-01-2021 15:23:55][INFO][ANALYTICS] Se guardan en bd los datos del url -- 5ffdb0fbbecd938caad4a176
[12-01-2021 15:25:01][INFO][REQUEST] Un usuario pide descargar la playlist con id PLcxK05e4ELfopg7yfNdPyp4G1XWwUyp_l
[12-01-2021 15:25:01][INFO] [RESPONSE] Se devuelven los datos con la playlist con id PLcxK05e4ELfopg7yfNdPyp4G1XWwUyp_l
    
[12-01-2021 15:25:01][INFO] [ANALYTICS] Se guardan en bd los datos de la ytPlaylist con id 5ffdb13dbecd938caad4a177
    
[12-01-2021 15:25:25][INFO][REQUEST] Un usuario pide descargar la playlist con id PL4LrhaXTkx7I_-YzeA66y_YauajQsp5aF
[12-01-2021 15:25:26][INFO] [RESPONSE] Se devuelven los datos con la playlist con id PL4LrhaXTkx7I_-YzeA66y_YauajQsp5aF
    
[12-01-2021 15:25:26][INFO] [ANALYTICS] Se guardan en bd los datos de la ytPlaylist con id 5ffdb156becd938caad4a178
    
[12-01-2021 15:25:27][INFO][REQUEST] Un usuario pide descargar un video con id ONq5VfMWRn8
[12-01-2021 15:25:31][INFO][ANALYTICS] Se guardan en bd los datos del url -- 5ffdb15bbecd938caad4a179
[12-01-2021 15:29:47][INFO][REQUEST] Un usuario pide descargar la playlist con id PLcxK05e4ELfopg7yfNdPyp4G1XWwUyp_l
[12-01-2021 15:29:48][INFO] [RESPONSE] Se devuelven los datos con la playlist con id PLcxK05e4ELfopg7yfNdPyp4G1XWwUyp_l
    
[12-01-2021 15:29:48][INFO] [ANALYTICS] Se guardan en bd los datos de la ytPlaylist con id 5ffdb25cbecd938caad4a17a
    
[12-01-2021 15:29:53][INFO][REQUEST] Un usuario pide descargar la playlist con id PL4LrhaXTkx7I_-YzeA66y_YauajQsp5aF
[12-01-2021 15:29:53][INFO] [RESPONSE] Se devuelven los datos con la playlist con id PL4LrhaXTkx7I_-YzeA66y_YauajQsp5aF
    
[12-01-2021 15:29:53][INFO] [ANALYTICS] Se guardan en bd los datos de la ytPlaylist con id 5ffdb261becd938caad4a17b
    
[12-01-2021 15:29:55][INFO][REQUEST] Un usuario pide descargar un video con id ONq5VfMWRn8
[12-01-2021 15:29:59][INFO][ANALYTICS] Se guardan en bd los datos del url -- 5ffdb267becd938caad4a17c
[12-01-2021 15:30:51][INFO][REQUEST] Un usuario pide descargar la playlist con id PLcxK05e4ELfopg7yfNdPyp4G1XWwUyp_l
[12-01-2021 15:30:52][INFO] [RESPONSE] Se devuelven los datos con la playlist con id PLcxK05e4ELfopg7yfNdPyp4G1XWwUyp_l
    
[12-01-2021 15:30:52][INFO] [ANALYTICS] Se guardan en bd los datos de la ytPlaylist con id 5ffdb29cbecd938caad4a17d
    
[12-01-2021 15:30:53][INFO][REQUEST] Un usuario pide descargar un video con id DqX2NVTRSsA
[12-01-2021 15:30:56][INFO][ANALYTICS] Se guardan en bd los datos del url -- 5ffdb2a0becd938caad4a17e
[12-01-2021 15:31:06][INFO][REQUEST] Un usuario pide descargar un video con id o6Ml4lyJZZg&t=2475s
[12-01-2021 15:31:09][INFO][ANALYTICS] Se guardan en bd los datos del url -- 5ffdb2adbecd938caad4a17f
[12-01-2021 15:31:15][INFO] [REQUEST] Un usuario pide descargar un video con id m9yOjSXBGSM
[12-01-2021 15:31:17][INFO] [ANALYTICS] Se guardan en bd los datos del url-- 5ffdb2b5becd938caad4a180
    
[12-01-2021 15:34:02][INFO][REQUEST] Un usuario pide descargar la playlist con id PLcxK05e4ELfopg7yfNdPyp4G1XWwUyp_l
[12-01-2021 15:34:03][INFO] [RESPONSE] Se devuelven los datos con la playlist con id PLcxK05e4ELfopg7yfNdPyp4G1XWwUyp_l
    
[12-01-2021 15:34:03][INFO] [ANALYTICS] Se guardan en bd los datos de la ytPlaylist con id 5ffdb35bbecd938caad4a181
    
[12-01-2021 15:34:04][INFO][REQUEST] Un usuario pide descargar un video con id DqX2NVTRSsA
[12-01-2021 15:34:06][INFO][ANALYTICS] Se guardan en bd los datos del url -- 5ffdb35ebecd938caad4a182
[12-01-2021 15:34:24][INFO][REQUEST] Un usuario pide descargar la playlist con id PL4LrhaXTkx7I_-YzeA66y_YauajQsp5aF
[12-01-2021 15:34:25][INFO] [RESPONSE] Se devuelven los datos con la playlist con id PL4LrhaXTkx7I_-YzeA66y_YauajQsp5aF
    
[12-01-2021 15:34:25][INFO] [ANALYTICS] Se guardan en bd los datos de la ytPlaylist con id 5ffdb371becd938caad4a183
    
[12-01-2021 15:34:27][INFO][REQUEST] Un usuario pide descargar un video con id ONq5VfMWRn8
[12-01-2021 15:34:30][INFO][ANALYTICS] Se guardan en bd los datos del url -- 5ffdb376becd938caad4a184
[12-01-2021 15:34:54][INFO][REQUEST] Un usuario pide descargar un video con id y8ADQ2q38ZI
[12-01-2021 15:34:58][INFO][ANALYTICS] Se guardan en bd los datos del url -- 5ffdb392becd938caad4a185
[12-01-2021 15:39:33][INFO][REQUEST] Un usuario pide descargar la playlist con id PL4LrhaXTkx7I_-YzeA66y_YauajQsp5aF
[12-01-2021 15:39:33][INFO] [RESPONSE] Se devuelven los datos con la playlist con id PL4LrhaXTkx7I_-YzeA66y_YauajQsp5aF
    
[12-01-2021 15:39:33][INFO] [ANALYTICS] Se guardan en bd los datos de la ytPlaylist con id 5ffdb4a5becd938caad4a186
    
[12-01-2021 15:39:48][INFO][REQUEST] Un usuario pide descargar un video con id K4GOUQddliU
[12-01-2021 15:39:52][INFO][ANALYTICS] Se guardan en bd los datos del url -- 5ffdb4b8becd938caad4a187
[12-01-2021 15:40:40][INFO][REQUEST] Un usuario pide descargar la playlist con id PLMTlP_6UbD8iHiLYlZgBflTo7BkVeKx82
[12-01-2021 15:40:41][INFO] [RESPONSE] Se devuelven los datos con la playlist con id PLMTlP_6UbD8iHiLYlZgBflTo7BkVeKx82
    
[12-01-2021 15:40:41][INFO] [ANALYTICS] Se guardan en bd los datos de la ytPlaylist con id 5ffdb4e9becd938caad4a188
    
[12-01-2021 15:40:44][INFO][REQUEST] Un usuario pide descargar un video con id BXK169s9rXc
[12-01-2021 15:40:46][INFO][ANALYTICS] Se guardan en bd los datos del url -- 5ffdb4eebecd938caad4a189
